Lemma #0 shows inconsistency of TransitionMask_1182908789(all_13_0, 7, 4, 0), TransitionMask_1182908789(all_13_0, 7, 11, R0)
Lemma #0 shows inconsistency of TransitionMask_1182908789(all_13_0, 7, 4, 0), TransitionMask_1182908789(all_13_0, 7, 11, R0)
Lemma #1 shows inconsistency of (R0 + -2 >= 0), TransitionMask_1182908789(all_13_0, 3, 1, 0), TransitionMask_1182908789(all_13_0, 3, 3, R0)
Lemma #2 shows inconsistency of TransitionMask_1241529534(all_10_0, 6, 1, 0), TransitionMask_1241529534(all_10_0, 6, 3, 1)
Lemma #0 shows inconsistency of (R61 + -1*R1 = 0), (! (R61 + -1*R1 + 1 != 0 & R1 + -1 >= 0))
Lemma #1 shows inconsistency of (R62 + -1*R61 = 0), MonoidMap_1241529534(all_10_0, R1, R59, 0, R60, R61, R61, 0, R64, 0, R66, R66, 0), TransitionMask_1241529534(all_10_0, 4, 1, 0), TransitionMask_1241529534(all_10_0, 4, 2, 0), TransitionMask_1241529534(all_10_0, 4, 3, 0), (! (R62 + -1*R1 = 0 & R61 + -1*R1 + 1 != 0 & R1 + -1 >= 0))
Lemma #2 shows inconsistency of TransitionMask_1182908789(all_13_0, 7, 4, 0), TransitionMask_1182908789(all_13_0, 7, 11, R0)
Lemma #3 shows inconsistency of MonoidMap_1241529534(all_10_0, R1, R1 + -1, 1, R1, R1 + -1, R1, 0, R64, 0, 0, 0, 0), TransitionMask_1241529534(all_10_0, 6, 0, 0), TransitionMask_1241529534(all_10_0, 6, 1, 0), TransitionMask_1241529534(all_10_0, 6, 2, 0), TransitionMask_1241529534(all_10_0, 6, 3, 0)
Lemma #4 shows inconsistency of TransitionMask_1182908789(all_13_0, 3, 1, 0), TransitionMask_1182908789(all_13_0, 3, 3, 1)
Lemma #5 shows inconsistency of TransitionMask_1241529534(all_10_0, 6, 1, 0), TransitionMask_1241529534(all_10_0, 6, 3, 1)
Lemma #6 shows inconsistency of MonoidMap_1241529534(all_10_0, 1, 0, 1, 1, 0, 1, 0, 1, 0, 1, 1, 0), TransitionMask_1241529534(all_10_0, 6, 0, 0), TransitionMask_1241529534(all_10_0, 6, 1, 1), TransitionMask_1241529534(all_10_0, 6, 3, 0), TransitionMask_1241529534(all_10_0, 7, 0, -1*all_10_2 + -1*all_10_3 + 1)
Lemma #7 shows inconsistency of MonoidMap_1241529534(all_10_0, 1, 0, 1, 1, 0, 1, 0, 1, 0, 1, 1, 0), TransitionMask_1241529534(all_10_0, 6, 0, 0), TransitionMask_1241529534(all_10_0, 6, 3, -1*all_10_26 + -1*all_10_27 + 1), TransitionMask_1241529534(all_10_0, 7, 0, -1*all_10_2 + -1*all_10_3 + 1)
Lemma #8 shows inconsistency of (R1 + -1 = 0), MonoidMap_1241529534(all_10_0, 1, 0, 1, 1, 0, 1, 0, R64, 0, 1, 1, 0), TransitionMask_1241529534(all_10_0, 6, 0, 0), TransitionMask_1241529534(all_10_0, 6, 3, -1*all_10_26 + -1*all_10_27 + 1), TransitionMask_1241529534(all_10_0, 7, 0, -1*all_10_2 + -1*all_10_3 + 1), (! (R64 + -1*R1 != 0 & R64 + -1 != 0))
Lemma #9 shows inconsistency of (R66 + -1*R1 = 0), (-1*all_10_26 + -1*all_10_27 + R1 >= 0), MonoidMap_1241529534(all_10_0, R1, R1 + -1, 1, R1, R1 + -1, R1, 0, R64, 0, R1, R1, 0), TransitionMask_1241529534(all_10_0, 6, 0, 0), TransitionMask_1241529534(all_10_0, 6, 3, -1*all_10_26 + -1*all_10_27 + R1), (! (R64 + -1*R1 != 0 & R64 + -1 != 0)), (! (R66 + -1*R1 = 0 & R1 + -2 >= 0))
Lemma #10 shows inconsistency of MonoidMap_1241529534(all_10_0, R1, R1 + -1, 1, R1, R1 + -1, R1, 0, 1, 0, 1, 1, 0), TransitionMask_1241529534(all_10_0, 6, 0, 0), TransitionMask_1241529534(all_10_0, 6, 1, 1), TransitionMask_1241529534(all_10_0, 6, 3, 0)
Lemma #11 shows inconsistency of MonoidMap_1241529534(all_10_0, R1, R1 + -1, 1, R1, R1 + -1, R1, 0, 1, 0, 1, 1, 0), TransitionMask_1241529534(all_10_0, 6, 0, 0), TransitionMask_1241529534(all_10_0, 6, 3, -1*all_10_26 + -1*all_10_27 + 1)
Lemma #12 shows inconsistency of (R64 + -1*R1 != 0), MonoidMap_1241529534(all_10_0, R1, R1 + -1, 1, R1, R1 + -1, R1, 0, R64, 0, 1, 1, 0), TransitionMask_1241529534(all_10_0, 6, 0, 0), TransitionMask_1241529534(all_10_0, 6, 3, -1*all_10_26 + -1*all_10_27 + 1), (! (R64 + -1*R1 != 0 & R64 + -1 != 0))
Lemma #13 shows inconsistency of (R1 + -2 >= 0), MonoidMap_1241529534(all_10_0, R1, R1 + -1, 1, R1, R1 + -1, R1, 0, R64, 0, 1, 1, 0), TransitionMask_1241529534(all_10_0, 6, 0, 0), TransitionMask_1241529534(all_10_0, 6, 3, -1*all_10_26 + -1*all_10_27 + 1), (! (R64 + -1*R1 != 0 & R64 + -1 != 0)), (! (R64 + -1*R1 = 0 & R1 + -2 >= 0))
Lemma #14 shows inconsistency of (R66 + -1 >= 0), (-1*all_10_26 + -1*all_10_27 + R66 >= 0), MonoidMap_1241529534(all_10_0, R1, R1 + -1, 1, R1, R1 + -1, R1, 0, R64, 0, R66, R66, 0), TransitionMask_1241529534(all_10_0, 6, 0, 0), TransitionMask_1241529534(all_10_0, 6, 3, -1*all_10_26 + -1*all_10_27 + R66), (! (R64 + -1*R1 != 0 & R64 + -1 != 0)), (! (R66 + -1*R1 != 0 & R66 + -1 != 0)), (! (R64 + -1*R1 = 0 & R1 + -2 >= 0)), (! (R66 + -1*R1 = 0 & R1 + -2 >= 0))
Lemma #15 shows inconsistency of (R7 + -1*R66 = 0), (R66 + -1 >= 0), (-1*all_10_26 + -1*all_10_27 + R66 >= 0), MonoidMap_1241529534(all_10_0, R1, R1 + -1, 1, R1, R1 + -1, R1, 0, R64, 0, R66, R66, 0), TransitionMask_1241529534(all_10_0, 6, 0, 0), TransitionMask_1241529534(all_10_0, 6, 3, -1*all_10_26 + -1*all_10_27 + R66), (! (R66 + -1*R1 != 0 & R66 + -1 != 0)), (! (R7 != 0 & ! (! (R64 + -1*R1 = 0 & R1 + -2 >= 0) & ! (R64 + -1 = 0 & -1*R1 + -1 >= 0) & ! (R64 + -1*R1 != 0 & R64 + -1 != 0)))), (! (R66 + -1*R1 = 0 & R1 + -2 >= 0))
Lemma #16 shows inconsistency of (R7 + -1*R66 = 0), (R66 + -1 >= 0), (-1*all_10_26 + -1*all_10_27 + R66 >= 0), MonoidMap_1241529534(all_10_0, R1, R1 + -1, 1, R1, R1 + -1, R1, 0, R64, 0, R66, R66, 0), TransitionMask_1241529534(all_10_0, 6, 0, 0), TransitionMask_1241529534(all_10_0, 6, 3, -1*all_10_26 + -1*all_10_27 + R66), (! (R7 != 0 & ! (! (R64 + -1*R1 = 0 & R1 + -2 >= 0) & ! (R64 + -1 = 0 & -1*R1 + -1 >= 0) & ! (R64 + -1*R1 != 0 & R64 + -1 != 0)))), (! (R7 != 0 & ! (! (R66 + -1*R1 = 0 & R1 + -2 >= 0) & ! (R66 + -1 = 0 & -1*R1 + -1 >= 0) & ! (R66 + -1*R1 != 0 & R66 + -1 != 0))))
Lemma #17 shows inconsistency of (R63 = 0), (R7 + -1*R66 = 0), (R66 + -1 >= 0), (-1*all_10_26 + -1*all_10_27 + R66 >= 0), MonoidMap_1241529534(all_10_0, R1, R1 + -1, 1, R1, R1 + -1, R1, 0, R64, 0, R66, R66, 0), TransitionMask_1241529534(all_10_0, 6, 0, 0), TransitionMask_1241529534(all_10_0, 6, 3, -1*all_10_26 + -1*all_10_27 + R66), (! (R7 != 0 & ! (! (R66 + -1*R1 = 0 & R1 + -2 >= 0) & ! (R66 + -1 = 0 & -1*R1 + -1 >= 0) & ! (R66 + -1*R1 != 0 & R66 + -1 != 0))))
Lemma #18 shows inconsistency of (R63 = 0), (R7 + -1*R66 = 0), (-1*all_10_26 + -1*all_10_27 + R66 >= 0), MonoidMap_1241529534(all_10_0, R1, R1 + -1, 1, R1, R1 + -1, R1, 0, R64, 0, R66, R66, 0), TransitionMask_1241529534(all_10_0, 6, 0, 0), TransitionMask_1241529534(all_10_0, 6, 3, -1*all_10_26 + -1*all_10_27 + R66), (! (R7 != 0 & ! (! (R66 + -1*R1 = 0 & R1 + -2 >= 0) & ! (R66 + -1 = 0 & -1*R1 + -1 >= 0) & ! (R66 + -1*R1 != 0 & R66 + -1 != 0)))), (! (R7 = 0 & R66 + -1 != 0 & ! (! (R66 + -1*R1 = 0 & R1 + -1 >= 0) & ! (R66 + -1*R1 != 0 & R1 + -1 >= 0))))
Lemma #19 shows inconsistency of (R63 = 0), (R7 + -1*R66 = 0), (R6 + -1 >= 0), (-1*all_10_26 + -1*all_10_27 + R66 >= 0), MonoidMap_1241529534(all_10_0, R1, R1 + -1, R6, R1, R61, R61 + R6, 0, R64, 0, R66, R66, 0), TransitionMask_1241529534(all_10_0, 6, 0, 0), TransitionMask_1241529534(all_10_0, 6, 3, -1*all_10_26 + -1*all_10_27 + R66), (! (R7 != 0 & ! (! (R66 + -1*R1 = 0 & R1 + -2 >= 0) & ! (R66 + -1 = 0 & -1*R1 + -1 >= 0) & ! (R66 + -1*R1 != 0 & R66 + -1 != 0)))), (! (R7 = 0 & R66 + -1 != 0 & ! (! (R66 + -1*R1 = 0 & R1 + -1 >= 0) & ! (R66 + -1*R1 != 0 & R1 + -1 >= 0))))
Lemma #20 shows inconsistency of (R63 = 0), (R7 + -1*R66 = 0), (R6 + -1 >= 0), (-1*all_10_26 + -1*all_10_27 + R66 >= 0), MonoidMap_1241529534(all_10_0, R1, R59, R6, R60, R61, R61 + R6, 0, R64, 0, R66, R66, 0), TransitionMask_1241529534(all_10_0, 6, 0, 0), TransitionMask_1241529534(all_10_0, 6, 3, -1*all_10_26 + -1*all_10_27 + R66), (! (R7 != 0 & ! (! (R66 + -1*R1 = 0 & R1 + -2 >= 0) & ! (R66 + -1 = 0 & -1*R1 + -1 >= 0) & ! (R66 + -1*R1 != 0 & R66 + -1 != 0)))), (! (R7 = 0 & R66 + -1 != 0 & ! (! (R66 + -1*R1 = 0 & R1 + -1 >= 0) & ! (R66 + -1*R1 != 0 & R1 + -1 >= 0))))
Lemma #21 shows inconsistency of (R63 = 0), (R65 = 0), (R7 + -1*R66 = 0), (R6 + -1 >= 0), (-1*all_10_26 + -1*all_10_27 + R66 >= 0), MonoidMap_1241529534(all_10_0, R1, R59, R6, R60, R61, R61 + R6, 0, R64, 0, R66, R66, 0), TransitionMask_1241529534(all_10_0, 6, 0, 0), TransitionMask_1241529534(all_10_0, 6, 3, -1*all_10_26 + -1*all_10_27 + R66)
Lemma #22 shows inconsistency of (R63 = 0), (R65 = 0), (R7 + -1*R66 = 0), (-1*all_10_26 + -1*all_10_27 + R66 >= 0), MonoidMap_1241529534(all_10_0, R1, R59, R6, R60, R61, R61 + R6, 0, R64, 0, R66, R66, 0), TransitionMask_1241529534(all_10_0, 6, 0, 0), TransitionMask_1241529534(all_10_0, 6, 3, -1*all_10_26 + -1*all_10_27 + R66)
Lemma #23 shows inconsistency of 
Dropping lemma #2
Dropping lemma #4
Dropping lemma #1
Dropping lemma #18
Dropping lemma #13
Dropping lemma #3
Dropping lemma #10
Dropping lemma #11
Dropping lemmas #6, #7
Dropping lemma #5
Dropping lemma #9
Dropping lemma #19
Dropping lemma #8
Certificate: Assumptions after simplification:
---------------------------------

  (input)
  R88 = R12 & R87 = 0 & R86 = R12 & R85 = 0 & R84 = R12 & R83 = 0 & R82 = R12 &
  R81 = 0 & R80 = R3 & R79 - R12 = 1 & R78 = R3 & R77 - R12 = 1 & R76 = R3 & R75
  - R12 = 1 & R74 = R3 & R73 - R12 = 1 & R72 = R3 & R71 - R12 = 1 & R70 = 1 &
  R69 = 0 & R68 = 1 & R67 = 0 & R52 = R0 & R51 - R0 = -1 & R2 = 1 & R11 = 0 & R1
  != 0 & R0 != 0 & 0 >= R9 & R3 - R12 >= 1 & R12 >= 0 & \exists int v0, v1, v2,
  v3, v4, v5, v6, v7, v8, v9, v10, v11, v12, v13, v14, v15, v16, v17, v18, v19,
  v20, v21, v22, v23, v24, v25, v26, v27, v28, v29, v30, v31, v32, v33, v34,
  v35, v36, v37, v38, v39, v40, v41, v42, v43, v44, v45, v46, v47, v48, v49,
  v50, v51, v52, v53, v54, v55, v56, v57, v58; (R8 = 1 & R58 - R57 = R5 & R54 -
    R53 = R4 & R3 - R0 = 2 & R12 = 1 & v57 >= 0 & v56 >= 0 & v55 >= 0 & v54 >= 0
    & v53 >= 0 & -1*v52 + -1*v51 - v50 >= -1 & v52 >= 0 & v51 + v50 >= 0 & v51
    >= 0 & v50 >= 0 & v49 >= 0 & v48 >= 0 & R0 - v47 >= 1 & v47 - R0 >= -2 & v47
    >= 0 & v46 >= 0 & -1*v45 + -1*v44 - v18 - v17 - v16 - v15 + R53 + R4 >= 0 &
    -1*v45 + -1*v44 + R4 >= 0 & v45 + v44 + v18 + v17 + v16 + v15 >= R4 & v45 >=
    0 & v43 - v44 - v17 + R53 + 2*R4 >= R0 & v44 + v17 + v16 + v15 >= R4 & v44
    >= 0 & -1*v43 + -1*v16 - R53 - R4 + R0 >= 0 & -1*v43 + -1*R53 - R4 + R0 >= 0
    & v43 >= 0 & v42 >= 0 & -1*v41 + -1*v40 - v38 - v37 - v36 - v34 - v32 + v14
    + v12 + v11 >= 0 & v41 >= 0 & v40 >= 0 & v38 - v39 + v37 + v36 + v34 + v33 +
    v32 + v13 >= R55 & v39 >= 0 & -1*v38 + -1*v37 - v36 - v35 - v34 - v33 - v13
    + R55 >= 0 & v38 >= 0 & v37 >= 0 & v36 >= 0 & v35 >= 0 & v30 - v34 + v12 +
    v11 + R56 >= R0 & v34 - v32 - v14 - v12 - v11 + R56 >= R55 & v34 >= 0 & R55
    >= v33 & v33 >= 0 & v31 >= 0 & -1*v30 + -1*v11 - R56 + R0 >= 0 & -1*v30 +
    -1*R56 + R0 >= 0 & v30 >= 0 & -1*v29 + -1*v28 - v10 - v9 - v8 - v7 + R57 +
    R5 >= 0 & -1*v29 + -1*v28 - v9 + R57 >= 0 & R57 >= v29 & v29 + v28 + v26 +
    v9 + v8 + v7 + R5 >= R0 & v29 + v10 + v9 + v8 + v7 >= R57 & v29 >= 0 & v28
    >= 0 & v27 >= 0 & -1*v26 + -1*v7 - R57 - R5 + R0 >= 0 & -1*v26 + -1*R57 - R5
    + R0 >= 0 & v26 >= 0 & v25 >= 0 & v24 >= 0 & v23 >= 0 & v22 >= 0 & -1*v21 +
    -1*v20 + R0 >= 0 & -1*v21 + -1*v20 >= -1 & v21 + v20 >= 0 & v21 >= 0 & v20
    >= 0 & 1 >= v19 & v19 >= 0 & -1*v18 + -1*v17 - v16 - v15 >= -1 & v18 >= 0 &
    v17 >= 0 & v16 >= 0 & -1*v14 + -1*v13 - v12 - v11 >= -1 & v14 >= 0 & v13 >=
    0 & v11 >= 0 & -1*v10 + -1*v9 - v8 - v7 >= -1 & v10 >= 0 & v9 >= 0 & v7 >= 0
    & -1*v6 + -1*v5 >= -1 & v6 + v5 >= 0 & v6 >= 0 & v5 >= 0 & 1 >= v4 & v4 >= 0
    & -1*v3 + -1*v2 >= -1 & v3 + v2 >= 0 & v3 >= 0 & v2 >= 0 & -1*v1 + -1*v0 >=
    -1 & v1 + v0 >= 0 & v1 >= 0 & v0 >= 0 & Unused_1182908789(v58, 11) &
    Unused_1182908789(v58, 10) & Unused_1182908789(v58, 9) &
    Unused_1182908789(v58, 8) & Unused_1182908789(v58, 7) &
    Unused_1182908789(v58, 6) & Unused_1182908789(v58, 5) &
    Unused_1182908789(v58, 4) & Unused_1182908789(v58, 3) &
    Unused_1182908789(v58, 2) & Unused_1182908789(v58, 1) &
    Unused_1182908789(v58, 0) & Connected_1182908789(v58, 11) &
    Connected_1182908789(v58, 10) & Connected_1182908789(v58, 9) &
    Connected_1182908789(v58, 8) & Connected_1182908789(v58, 7) &
    Connected_1182908789(v58, 6) & Connected_1182908789(v58, 5) &
    Connected_1182908789(v58, 4) & Connected_1182908789(v58, 3) &
    Connected_1182908789(v58, 2) & Connected_1182908789(v58, 1) &
    Connected_1182908789(v58, 0) & TransitionMask_1182908789(v58, 11, 4, v22) &
    TransitionMask_1182908789(v58, 11, 3, -1*v1 + -1*v0 + 1) &
    TransitionMask_1182908789(v58, 11, 2, v0) & TransitionMask_1182908789(v58,
      11, 1, v1 + v0) & TransitionMask_1182908789(v58, 11, 0, 0) &
    TransitionMask_1182908789(v58, 10, 11, v23) & TransitionMask_1182908789(v58,
      10, 10, 0) & TransitionMask_1182908789(v58, 10, 9, 0) &
    TransitionMask_1182908789(v58, 10, 8, -1*v3 + -1*v2 + 1) &
    TransitionMask_1182908789(v58, 10, 7, 0) & TransitionMask_1182908789(v58,
      10, 6, v2) & TransitionMask_1182908789(v58, 10, 5, 0) &
    TransitionMask_1182908789(v58, 10, 4, 0) & TransitionMask_1182908789(v58,
      10, 3, 0) & TransitionMask_1182908789(v58, 10, 2, v3 + v2) &
    TransitionMask_1182908789(v58, 10, 1, 0) & TransitionMask_1182908789(v58,
      10, 0, 0) & TransitionMask_1182908789(v58, 9, 7, v24) &
    TransitionMask_1182908789(v58, 9, 6, 0) & TransitionMask_1182908789(v58, 9,
      5, v4) & TransitionMask_1182908789(v58, 9, 4, 0) &
    TransitionMask_1182908789(v58, 9, 3, 0) & TransitionMask_1182908789(v58, 9,
      2, 0) & TransitionMask_1182908789(v58, 9, 1, 0) &
    TransitionMask_1182908789(v58, 9, 0, 1) & TransitionMask_1182908789(v58, 8,
      4, v25) & TransitionMask_1182908789(v58, 8, 3, -1*v6 + -1*v5 + 1) &
    TransitionMask_1182908789(v58, 8, 2, v5) & TransitionMask_1182908789(v58, 8,
      1, v6 + v5) & TransitionMask_1182908789(v58, 8, 0, 0) &
    TransitionMask_1182908789(v58, 7, 11, v26) & TransitionMask_1182908789(v58,
      7, 10, -1*v26 + -1*v7 - R57 - R5 + R0) & TransitionMask_1182908789(v58, 7,
      9, v27) & TransitionMask_1182908789(v58, 7, 8, v28) &
    TransitionMask_1182908789(v58, 7, 7, v29) & TransitionMask_1182908789(v58,
      7, 6, -1*v29 + -1*v28 - v9 + R57) & TransitionMask_1182908789(v58, 7, 5,
      -1*v29 + -1*v28 - v10 - v9 - v8 - v7 + R57 + R5) &
    TransitionMask_1182908789(v58, 7, 4, -1*v26 + -1*R57 - R5 + R0) &
    TransitionMask_1182908789(v58, 7, 3, v29 + v28 + v26 + v9 + v8 + v7 + R5 -
      R0) & TransitionMask_1182908789(v58, 7, 2, v29 + v10 + v9 + v8 + v7 - R57)
    & TransitionMask_1182908789(v58, 7, 1, R57 - v29) &
    TransitionMask_1182908789(v58, 7, 0, 2) & TransitionMask_1182908789(v58, 6,
      20, v30) & TransitionMask_1182908789(v58, 6, 19, -1*v30 + -1*v11 - R56 +
      R0) & TransitionMask_1182908789(v58, 6, 18, v31) &
    TransitionMask_1182908789(v58, 6, 17, v32) & TransitionMask_1182908789(v58,
      6, 16, v33) & TransitionMask_1182908789(v58, 6, 15, v34) &
    TransitionMask_1182908789(v58, 6, 14, v35) & TransitionMask_1182908789(v58,
      6, 13, v36) & TransitionMask_1182908789(v58, 6, 12, v37) &
    TransitionMask_1182908789(v58, 6, 11, v38) & TransitionMask_1182908789(v58,
      6, 10, -1*v38 + -1*v37 - v36 - v35 - v34 - v33 - v13 + R55) &
    TransitionMask_1182908789(v58, 6, 9, v34 - v32 - v14 - v12 - v11 + R56 -
      R55) & TransitionMask_1182908789(v58, 6, 8, -1*v30 + -1*R56 + R0) &
    TransitionMask_1182908789(v58, 6, 7, v30 - v34 + v12 + v11 + R56 - R0) &
    TransitionMask_1182908789(v58, 6, 6, R55 - v33) &
    TransitionMask_1182908789(v58, 6, 5, 2) & TransitionMask_1182908789(v58, 6,
      4, v39) & TransitionMask_1182908789(v58, 6, 3, v40) &
    TransitionMask_1182908789(v58, 6, 2, v41) & TransitionMask_1182908789(v58,
      6, 1, -1*v41 + -1*v40 - v38 - v37 - v36 - v34 - v32 + v14 + v12 + v11) &
    TransitionMask_1182908789(v58, 6, 0, v38 - v39 + v37 + v36 + v34 + v33 + v32
      + v13 - R55) & TransitionMask_1182908789(v58, 5, 11, v42) &
    TransitionMask_1182908789(v58, 5, 10, v43) & TransitionMask_1182908789(v58,
      5, 9, -1*v43 + -1*v16 - R53 - R4 + R0) & TransitionMask_1182908789(v58, 5,
      8, v44) & TransitionMask_1182908789(v58, 5, 7, -1*v43 + -1*R53 - R4 + R0)
    & TransitionMask_1182908789(v58, 5, 6, v43 - v44 - v17 + R53 + 2*R4 - R0) &
    TransitionMask_1182908789(v58, 5, 5, v45) & TransitionMask_1182908789(v58,
      5, 4, -1*v45 + -1*v44 - v18 - v17 - v16 - v15 + R53 + R4) &
    TransitionMask_1182908789(v58, 5, 3, v44 + v17 + v16 + v15 - R4) &
    TransitionMask_1182908789(v58, 5, 2, -1*v45 + -1*v44 + R4) &
    TransitionMask_1182908789(v58, 5, 1, v45 + v44 + v18 + v17 + v16 + v15 - R4)
    & TransitionMask_1182908789(v58, 5, 0, 2) & TransitionMask_1182908789(v58,
      4, 7, v46) & TransitionMask_1182908789(v58, 4, 6, 0) &
    TransitionMask_1182908789(v58, 4, 5, v19) & TransitionMask_1182908789(v58,
      4, 4, v47) & TransitionMask_1182908789(v58, 4, 3, R0 - v47 - 1) &
    TransitionMask_1182908789(v58, 4, 2, R0 - v47 - 1) &
    TransitionMask_1182908789(v58, 4, 1, 2) & TransitionMask_1182908789(v58, 4,
      0, v47 - R0 + 2) & TransitionMask_1182908789(v58, 3, 4, v48) &
    TransitionMask_1182908789(v58, 3, 3, -1*v21 + -1*v20 + R0) &
    TransitionMask_1182908789(v58, 3, 2, v20) & TransitionMask_1182908789(v58,
      3, 1, v21 + v20) & TransitionMask_1182908789(v58, 3, 0, 2) &
    TransitionMask_1182908789(v58, 2, 7, v49) & TransitionMask_1182908789(v58,
      2, 6, v50) & TransitionMask_1182908789(v58, 2, 5, v51) &
    TransitionMask_1182908789(v58, 2, 4, -1*v51 + -1*v50 + 1) &
    TransitionMask_1182908789(v58, 2, 3, 0) & TransitionMask_1182908789(v58, 2,
      2, v52) & TransitionMask_1182908789(v58, 2, 1, -1*v52 + -1*v51 - v50 + 1)
    & TransitionMask_1182908789(v58, 2, 0, v51 + v50) &
    TransitionMask_1182908789(v58, 1, 0, R0 + 2) &
    TransitionMask_1182908789(v58, 0, 5, v53) & TransitionMask_1182908789(v58,
      0, 4, v54) & TransitionMask_1182908789(v58, 0, 3, v55) &
    TransitionMask_1182908789(v58, 0, 2, v56) & TransitionMask_1182908789(v58,
      0, 1, v57) & TransitionMask_1182908789(v58, 0, 0, 1) &
    MonoidMap_1182908789(v58, R0, 0, 1, 1, R0 + 2, R4, R5, R0 - 1, R0, R53, R53
      + R4, R55, R56, R57, R57 + R5, 0, 1, 0, 1, 2, R0 + 2, 2, R0 + 2, 2, R0 +
      2, 2, R0 + 2, 2, 1, R0 + 2, 0, 1, 0, 1, 0, 1, 0, 1)) & \exists int v0, v1,
  v2, v3, v4, v5, v6, v7, v8, v9, v10, v11, v12, v13, v14, v15, v16, v17, v18,
  v19, v20, v21, v22, v23, v24, v25, v26, v27; (R9 = 0 & R7 - R66 + R65 = 0 &
    R62 - R61 = R6 & v26 >= 0 & v25 >= 0 & v24 >= 0 & v8 >= v23 & v23 >= 0 & v22
    >= 0 & v21 >= 0 & -1*v20 + -1*v19 - v17 + v7 + v6 >= 0 & v20 >= 0 & v19 >= 0
    & v17 >= v18 & v18 >= 0 & -1*v17 + -1*v7 - v6 + R60 >= R59 & v16 >= 0 & v15
    >= 0 & -1*v14 + -1*v13 - v11 + v3 + v2 >= 0 & v14 >= 0 & v13 >= 0 & v11 >=
    v12 & v12 >= 0 & -1*v11 + -1*v3 - v2 + R64 >= R63 & v10 >= 0 & v9 >= 0 & 1
    >= v8 & -1*v7 + -1*v6 >= -1 & v7 >= 0 & v6 >= 0 & -1*v5 + -1*v4 + R6 >= 0 &
    -1*v5 + -1*v4 >= -1 & v5 + v4 >= 0 & v5 >= 0 & v4 >= 0 & -1*v3 + -1*v2 >= -1
    & v3 >= 0 & v2 >= 0 & -1*v1 + -1*v0 + R66 >= R65 & -1*v1 + -1*v0 >= -1 & v1
    + v0 >= 0 & v1 >= 0 & v0 >= 0 & R66 >= 0 & R65 >= 0 & R64 >= 0 & R63 >= 0 &
    R61 + R6 >= 0 & R61 >= 0 & R60 >= 0 & R59 >= 0 & R1 >= 1 &
    Unused_1241529534(v27, 6) & Unused_1241529534(v27, 5) &
    Unused_1241529534(v27, 4) & Unused_1241529534(v27, 3) &
    Unused_1241529534(v27, 2) & Unused_1241529534(v27, 1) &
    Unused_1241529534(v27, 0) & Connected_1241529534(v27, 6) &
    Connected_1241529534(v27, 5) & Connected_1241529534(v27, 4) &
    Connected_1241529534(v27, 3) & Connected_1241529534(v27, 2) &
    Connected_1241529534(v27, 1) & Connected_1241529534(v27, 0) &
    TransitionMask_1241529534(v27, 6, 4, v9) & TransitionMask_1241529534(v27, 6,
      3, -1*v1 + -1*v0 + R66 - R65) & TransitionMask_1241529534(v27, 6, 2, v0) &
    TransitionMask_1241529534(v27, 6, 1, v1 + v0) &
    TransitionMask_1241529534(v27, 6, 0, R65) & TransitionMask_1241529534(v27,
      5, 9, v10) & TransitionMask_1241529534(v27, 5, 8, v11) &
    TransitionMask_1241529534(v27, 5, 7, -1*v11 + -1*v3 - v2 + R64 - R63) &
    TransitionMask_1241529534(v27, 5, 6, v2) & TransitionMask_1241529534(v27, 5,
      5, R63) & TransitionMask_1241529534(v27, 5, 4, v12) &
    TransitionMask_1241529534(v27, 5, 3, v13) & TransitionMask_1241529534(v27,
      5, 2, v14) & TransitionMask_1241529534(v27, 5, 1, -1*v14 + -1*v13 - v11 +
      v3 + v2) & TransitionMask_1241529534(v27, 5, 0, v11 - v12) &
    TransitionMask_1241529534(v27, 4, 4, v15) & TransitionMask_1241529534(v27,
      4, 3, -1*v5 + -1*v4 + R6) & TransitionMask_1241529534(v27, 4, 2, v4) &
    TransitionMask_1241529534(v27, 4, 1, v5 + v4) &
    TransitionMask_1241529534(v27, 4, 0, R61) & TransitionMask_1241529534(v27,
      3, 9, v16) & TransitionMask_1241529534(v27, 3, 8, v17) &
    TransitionMask_1241529534(v27, 3, 7, -1*v17 + -1*v7 - v6 + R60 - R59) &
    TransitionMask_1241529534(v27, 3, 6, v6) & TransitionMask_1241529534(v27, 3,
      5, R59) & TransitionMask_1241529534(v27, 3, 4, v18) &
    TransitionMask_1241529534(v27, 3, 3, v19) & TransitionMask_1241529534(v27,
      3, 2, v20) & TransitionMask_1241529534(v27, 3, 1, -1*v20 + -1*v19 - v17 +
      v7 + v6) & TransitionMask_1241529534(v27, 3, 0, v17 - v18) &
    TransitionMask_1241529534(v27, 2, 4, v21) & TransitionMask_1241529534(v27,
      2, 3, v22) & TransitionMask_1241529534(v27, 2, 2, 0) &
    TransitionMask_1241529534(v27, 2, 1, v23) & TransitionMask_1241529534(v27,
      2, 0, v8 - v23) & TransitionMask_1241529534(v27, 1, 0, R1) &
    TransitionMask_1241529534(v27, 0, 2, v24) & TransitionMask_1241529534(v27,
      0, 1, v25) & TransitionMask_1241529534(v27, 0, 0, v26) &
    MonoidMap_1241529534(v27, R1, R59, R6, R60, R61, R61 + R6, R63, R64, R65,
      R66, R66 - R65, 0)) & \exists int v0; (Unused_1138697171(v0, 0) &
    Connected_1138697171(v0, 0) & TransitionMask_1138697171(v0, 0, 0, 1) &
    MonoidMap_1138697171(v0)) & \exists int v0; (Unused_1810458830(v0, 0) &
    Connected_1810458830(v0, 0) & TransitionMask_1810458830(v0, 0, 0, 1) &
    MonoidMap_1810458830(v0)) & \exists int v0; (Unused_609656250(v0, 0) &
    Connected_609656250(v0, 0) & TransitionMask_609656250(v0, 0, 0, 1) &
    MonoidMap_609656250(v0)) & \exists int v0; (Unused_572145572(v0, 0) &
    Connected_572145572(v0, 0) & TransitionMask_572145572(v0, 0, 0, 1) &
    MonoidMap_572145572(v0)) & (R65 != 0 | ((R7 != 0 | R66 = 1 | ((R66 != R1 |
            R1 < 1) & (R66 = R1 | R1 < 1))) & (R7 = 0 | ((R66 != R1 | R1 < 2) &
          (R66 != 1 | -1 < R1) & (R66 = R1 | R66 = 1))))) & (R63 != 0 | ((R7 !=
        0 | R64 = 1 | ((R64 != R1 | R1 < 1) & (R64 = R1 | R1 < 1))) & (R7 = 0 |
        ((R64 != R1 | R1 < 2) & (R64 != 1 | -1 < R1) & (R64 = R1 | R64 = 1)))))
  & (R6 != 0 | ((R62 != R1 | R61 - R1 = -1 | R1 < 1) & (R62 = R1 | R1 < 1))) &
  (R6 != 0 | ((R60 != R1 | R59 - R1 = -1 | R1 < 1) & (R60 = R1 | R1 < 1))) &
  (R57 != 0 | ((R5 != 0 | R58 = 1 | ((R58 != R0 | R0 < 1) & (R58 = R0 | R0 <
            1))) & (R5 = 0 | ((R58 != R0 | R0 < 2) & (R58 != 1 | -1 < R0) & (R58
            = R0 | R58 = 1))))) & (R55 != 0 | ((R5 != 0 | R56 = 1 | ((R56 != R0
            | R0 < 1) & (R56 = R0 | R0 < 1))) & (R5 = 0 | ((R56 != R0 | R0 < 2)
          & (R56 != 1 | -1 < R0) & (R56 = R0 | R56 = 1))))) & (R54 != R0 | R53 -
    R0 = -1 | (R4 = 0 & -1 >= R0)) & (R6 = 0 | (R62 = R1 & R61 - R1 = -1)) & (R6
    = 0 | (R60 = R1 & R59 - R1 = -1)) & (R57 = 0 | (R5 = 0 & -1 >= R0)) & (R55 =
    0 | (R5 = 0 & -1 >= R0)) & (R54 = R0 | (R4 = 0 & -1 >= R0)) & ((R7 = 0 & -1
      >= R1) | (R65 = 0 & R63 = 0))

Those formulas are unsatisfiable:
---------------------------------

Begin of proof
| 
| ALPHA: (input) implies:
|   (1)  (R7 = 0 & -1 >= R1) | (R65 = 0 & R63 = 0)
|   (2)  R6 = 0 | (R60 = R1 & R59 - R1 = -1)
|   (3)  R6 = 0 | (R62 = R1 & R61 - R1 = -1)
|   (4)  R6 != 0 | ((R62 != R1 | R61 - R1 = -1 | R1 < 1) & (R62 = R1 | R1 < 1))
|   (5)  R63 != 0 | ((R7 != 0 | R64 = 1 | ((R64 != R1 | R1 < 1) & (R64 = R1 | R1
|                < 1))) & (R7 = 0 | ((R64 != R1 | R1 < 2) & (R64 != 1 | -1 < R1)
|              & (R64 = R1 | R64 = 1))))
|   (6)  R65 != 0 | ((R7 != 0 | R66 = 1 | ((R66 != R1 | R1 < 1) & (R66 = R1 | R1
|                < 1))) & (R7 = 0 | ((R66 != R1 | R1 < 2) & (R66 != 1 | -1 < R1)
|              & (R66 = R1 | R66 = 1))))
|   (7)  \exists int v0, v1, v2, v3, v4, v5, v6, v7, v8, v9, v10, v11, v12, v13,
|        v14, v15, v16, v17, v18, v19, v20, v21, v22, v23, v24, v25, v26, v27;
|        (R9 = 0 & R7 - R66 + R65 = 0 & R62 - R61 = R6 & v26 >= 0 & v25 >= 0 &
|          v24 >= 0 & v8 >= v23 & v23 >= 0 & v22 >= 0 & v21 >= 0 & -1*v20 +
|          -1*v19 - v17 + v7 + v6 >= 0 & v20 >= 0 & v19 >= 0 & v17 >= v18 & v18
|          >= 0 & -1*v17 + -1*v7 - v6 + R60 >= R59 & v16 >= 0 & v15 >= 0 &
|          -1*v14 + -1*v13 - v11 + v3 + v2 >= 0 & v14 >= 0 & v13 >= 0 & v11 >=
|          v12 & v12 >= 0 & -1*v11 + -1*v3 - v2 + R64 >= R63 & v10 >= 0 & v9 >=
|          0 & 1 >= v8 & -1*v7 + -1*v6 >= -1 & v7 >= 0 & v6 >= 0 & -1*v5 + -1*v4
|          + R6 >= 0 & -1*v5 + -1*v4 >= -1 & v5 + v4 >= 0 & v5 >= 0 & v4 >= 0 &
|          -1*v3 + -1*v2 >= -1 & v3 >= 0 & v2 >= 0 & -1*v1 + -1*v0 + R66 >= R65
|          & -1*v1 + -1*v0 >= -1 & v1 + v0 >= 0 & v1 >= 0 & v0 >= 0 & R66 >= 0 &
|          R65 >= 0 & R64 >= 0 & R63 >= 0 & R61 + R6 >= 0 & R61 >= 0 & R60 >= 0
|          & R59 >= 0 & R1 >= 1 & Unused_1241529534(v27, 6) &
|          Unused_1241529534(v27, 5) & Unused_1241529534(v27, 4) &
|          Unused_1241529534(v27, 3) & Unused_1241529534(v27, 2) &
|          Unused_1241529534(v27, 1) & Unused_1241529534(v27, 0) &
|          Connected_1241529534(v27, 6) & Connected_1241529534(v27, 5) &
|          Connected_1241529534(v27, 4) & Connected_1241529534(v27, 3) &
|          Connected_1241529534(v27, 2) & Connected_1241529534(v27, 1) &
|          Connected_1241529534(v27, 0) & TransitionMask_1241529534(v27, 6, 4,
|            v9) & TransitionMask_1241529534(v27, 6, 3, -1*v1 + -1*v0 + R66 -
|            R65) & TransitionMask_1241529534(v27, 6, 2, v0) &
|          TransitionMask_1241529534(v27, 6, 1, v1 + v0) &
|          TransitionMask_1241529534(v27, 6, 0, R65) &
|          TransitionMask_1241529534(v27, 5, 9, v10) &
|          TransitionMask_1241529534(v27, 5, 8, v11) &
|          TransitionMask_1241529534(v27, 5, 7, -1*v11 + -1*v3 - v2 + R64 - R63)
|          & TransitionMask_1241529534(v27, 5, 6, v2) &
|          TransitionMask_1241529534(v27, 5, 5, R63) &
|          TransitionMask_1241529534(v27, 5, 4, v12) &
|          TransitionMask_1241529534(v27, 5, 3, v13) &
|          TransitionMask_1241529534(v27, 5, 2, v14) &
|          TransitionMask_1241529534(v27, 5, 1, -1*v14 + -1*v13 - v11 + v3 + v2)
|          & TransitionMask_1241529534(v27, 5, 0, v11 - v12) &
|          TransitionMask_1241529534(v27, 4, 4, v15) &
|          TransitionMask_1241529534(v27, 4, 3, -1*v5 + -1*v4 + R6) &
|          TransitionMask_1241529534(v27, 4, 2, v4) &
|          TransitionMask_1241529534(v27, 4, 1, v5 + v4) &
|          TransitionMask_1241529534(v27, 4, 0, R61) &
|          TransitionMask_1241529534(v27, 3, 9, v16) &
|          TransitionMask_1241529534(v27, 3, 8, v17) &
|          TransitionMask_1241529534(v27, 3, 7, -1*v17 + -1*v7 - v6 + R60 - R59)
|          & TransitionMask_1241529534(v27, 3, 6, v6) &
|          TransitionMask_1241529534(v27, 3, 5, R59) &
|          TransitionMask_1241529534(v27, 3, 4, v18) &
|          TransitionMask_1241529534(v27, 3, 3, v19) &
|          TransitionMask_1241529534(v27, 3, 2, v20) &
|          TransitionMask_1241529534(v27, 3, 1, -1*v20 + -1*v19 - v17 + v7 + v6)
|          & TransitionMask_1241529534(v27, 3, 0, v17 - v18) &
|          TransitionMask_1241529534(v27, 2, 4, v21) &
|          TransitionMask_1241529534(v27, 2, 3, v22) &
|          TransitionMask_1241529534(v27, 2, 2, 0) &
|          TransitionMask_1241529534(v27, 2, 1, v23) &
|          TransitionMask_1241529534(v27, 2, 0, v8 - v23) &
|          TransitionMask_1241529534(v27, 1, 0, R1) &
|          TransitionMask_1241529534(v27, 0, 2, v24) &
|          TransitionMask_1241529534(v27, 0, 1, v25) &
|          TransitionMask_1241529534(v27, 0, 0, v26) & MonoidMap_1241529534(v27,
|            R1, R59, R6, R60, R61, R61 + R6, R63, R64, R65, R66, R66 - R65, 0))
| 
| DELTA: instantiating (7) with fresh symbols all_10_0, all_10_1, all_10_2,
|        all_10_3, all_10_4, all_10_5, all_10_6, all_10_7, all_10_8, all_10_9,
|        all_10_10, all_10_11, all_10_12, all_10_13, all_10_14, all_10_15,
|        all_10_16, all_10_17, all_10_18, all_10_19, all_10_20, all_10_21,
|        all_10_22, all_10_23, all_10_24, all_10_25, all_10_26, all_10_27 gives:
|   (8)  R9 = 0 & R7 - R66 + R65 = 0 & R62 - R61 = R6 & all_10_1 >= 0 & all_10_2
|        >= 0 & all_10_3 >= 0 & all_10_19 >= all_10_4 & all_10_4 >= 0 & all_10_5
|        >= 0 & all_10_6 >= 0 & -1*all_10_7 + -1*all_10_8 - all_10_10 +
|        all_10_20 + all_10_21 >= 0 & all_10_7 >= 0 & all_10_8 >= 0 & all_10_10
|        >= all_10_9 & all_10_9 >= 0 & -1*all_10_10 + -1*all_10_20 - all_10_21 +
|        R60 >= R59 & all_10_11 >= 0 & all_10_12 >= 0 & -1*all_10_13 +
|        -1*all_10_14 - all_10_16 + all_10_24 + all_10_25 >= 0 & all_10_13 >= 0
|        & all_10_14 >= 0 & all_10_16 >= all_10_15 & all_10_15 >= 0 &
|        -1*all_10_16 + -1*all_10_24 - all_10_25 + R64 >= R63 & all_10_17 >= 0 &
|        all_10_18 >= 0 & 1 >= all_10_19 & -1*all_10_20 + -1*all_10_21 >= -1 &
|        all_10_20 >= 0 & all_10_21 >= 0 & -1*all_10_22 + -1*all_10_23 + R6 >= 0
|        & -1*all_10_22 + -1*all_10_23 >= -1 & all_10_22 + all_10_23 >= 0 &
|        all_10_22 >= 0 & all_10_23 >= 0 & -1*all_10_24 + -1*all_10_25 >= -1 &
|        all_10_24 >= 0 & all_10_25 >= 0 & -1*all_10_26 + -1*all_10_27 + R66 >=
|        R65 & -1*all_10_26 + -1*all_10_27 >= -1 & all_10_26 + all_10_27 >= 0 &
|        all_10_26 >= 0 & all_10_27 >= 0 & R66 >= 0 & R65 >= 0 & R64 >= 0 & R63
|        >= 0 & R61 + R6 >= 0 & R61 >= 0 & R60 >= 0 & R59 >= 0 & R1 >= 1 &
|        Unused_1241529534(all_10_0, 6) & Unused_1241529534(all_10_0, 5) &
|        Unused_1241529534(all_10_0, 4) & Unused_1241529534(all_10_0, 3) &
|        Unused_1241529534(all_10_0, 2) & Unused_1241529534(all_10_0, 1) &
|        Unused_1241529534(all_10_0, 0) & Connected_1241529534(all_10_0, 6) &
|        Connected_1241529534(all_10_0, 5) & Connected_1241529534(all_10_0, 4) &
|        Connected_1241529534(all_10_0, 3) & Connected_1241529534(all_10_0, 2) &
|        Connected_1241529534(all_10_0, 1) & Connected_1241529534(all_10_0, 0) &
|        TransitionMask_1241529534(all_10_0, 6, 4, all_10_18) &
|        TransitionMask_1241529534(all_10_0, 6, 3, -1*all_10_26 + -1*all_10_27 +
|          R66 - R65) & TransitionMask_1241529534(all_10_0, 6, 2, all_10_27) &
|        TransitionMask_1241529534(all_10_0, 6, 1, all_10_26 + all_10_27) &
|        TransitionMask_1241529534(all_10_0, 6, 0, R65) &
|        TransitionMask_1241529534(all_10_0, 5, 9, all_10_17) &
|        TransitionMask_1241529534(all_10_0, 5, 8, all_10_16) &
|        TransitionMask_1241529534(all_10_0, 5, 7, -1*all_10_16 + -1*all_10_24 -
|          all_10_25 + R64 - R63) & TransitionMask_1241529534(all_10_0, 5, 6,
|          all_10_25) & TransitionMask_1241529534(all_10_0, 5, 5, R63) &
|        TransitionMask_1241529534(all_10_0, 5, 4, all_10_15) &
|        TransitionMask_1241529534(all_10_0, 5, 3, all_10_14) &
|        TransitionMask_1241529534(all_10_0, 5, 2, all_10_13) &
|        TransitionMask_1241529534(all_10_0, 5, 1, -1*all_10_13 + -1*all_10_14 -
|          all_10_16 + all_10_24 + all_10_25) &
|        TransitionMask_1241529534(all_10_0, 5, 0, all_10_16 - all_10_15) &
|        TransitionMask_1241529534(all_10_0, 4, 4, all_10_12) &
|        TransitionMask_1241529534(all_10_0, 4, 3, -1*all_10_22 + -1*all_10_23 +
|          R6) & TransitionMask_1241529534(all_10_0, 4, 2, all_10_23) &
|        TransitionMask_1241529534(all_10_0, 4, 1, all_10_22 + all_10_23) &
|        TransitionMask_1241529534(all_10_0, 4, 0, R61) &
|        TransitionMask_1241529534(all_10_0, 3, 9, all_10_11) &
|        TransitionMask_1241529534(all_10_0, 3, 8, all_10_10) &
|        TransitionMask_1241529534(all_10_0, 3, 7, -1*all_10_10 + -1*all_10_20 -
|          all_10_21 + R60 - R59) & TransitionMask_1241529534(all_10_0, 3, 6,
|          all_10_21) & TransitionMask_1241529534(all_10_0, 3, 5, R59) &
|        TransitionMask_1241529534(all_10_0, 3, 4, all_10_9) &
|        TransitionMask_1241529534(all_10_0, 3, 3, all_10_8) &
|        TransitionMask_1241529534(all_10_0, 3, 2, all_10_7) &
|        TransitionMask_1241529534(all_10_0, 3, 1, -1*all_10_7 + -1*all_10_8 -
|          all_10_10 + all_10_20 + all_10_21) &
|        TransitionMask_1241529534(all_10_0, 3, 0, all_10_10 - all_10_9) &
|        TransitionMask_1241529534(all_10_0, 2, 4, all_10_6) &
|        TransitionMask_1241529534(all_10_0, 2, 3, all_10_5) &
|        TransitionMask_1241529534(all_10_0, 2, 2, 0) &
|        TransitionMask_1241529534(all_10_0, 2, 1, all_10_4) &
|        TransitionMask_1241529534(all_10_0, 2, 0, all_10_19 - all_10_4) &
|        TransitionMask_1241529534(all_10_0, 1, 0, R1) &
|        TransitionMask_1241529534(all_10_0, 0, 2, all_10_3) &
|        TransitionMask_1241529534(all_10_0, 0, 1, all_10_2) &
|        TransitionMask_1241529534(all_10_0, 0, 0, all_10_1) &
|        MonoidMap_1241529534(all_10_0, R1, R59, R6, R60, R61, R61 + R6, R63,
|          R64, R65, R66, R66 - R65, 0)
| 
| ALPHA: (8) implies:
|   (9)  R62 - R61 = R6
|   (10)  R7 - R66 + R65 = 0
|   (11)  R1 >= 1
|   (12)  R61 >= 0
|   (13)  all_10_27 >= 0
|   (14)  all_10_26 >= 0
|   (15)  all_10_26 + all_10_27 >= 0
|   (16)  -1*all_10_26 + -1*all_10_27 + R66 >= R65
|   (17)  all_10_23 >= 0
|   (18)  all_10_22 >= 0
|   (19)  all_10_22 + all_10_23 >= 0
|   (20)  -1*all_10_22 + -1*all_10_23 + R6 >= 0
|   (21)  MonoidMap_1241529534(all_10_0, R1, R59, R6, R60, R61, R61 + R6, R63,
|           R64, R65, R66, R66 - R65, 0)
|   (22)  TransitionMask_1241529534(all_10_0, 0, 0, all_10_1)
|   (23)  TransitionMask_1241529534(all_10_0, 0, 1, all_10_2)
|   (24)  TransitionMask_1241529534(all_10_0, 0, 2, all_10_3)
|   (25)  TransitionMask_1241529534(all_10_0, 1, 0, R1)
|   (26)  TransitionMask_1241529534(all_10_0, 4, 0, R61)
|   (27)  TransitionMask_1241529534(all_10_0, 4, 1, all_10_22 + all_10_23)
|   (28)  TransitionMask_1241529534(all_10_0, 4, 2, all_10_23)
|   (29)  TransitionMask_1241529534(all_10_0, 4, 3, -1*all_10_22 + -1*all_10_23
|           + R6)
|   (30)  TransitionMask_1241529534(all_10_0, 4, 4, all_10_12)
|   (31)  TransitionMask_1241529534(all_10_0, 6, 0, R65)
|   (32)  TransitionMask_1241529534(all_10_0, 6, 1, all_10_26 + all_10_27)
|   (33)  TransitionMask_1241529534(all_10_0, 6, 2, all_10_27)
|   (34)  TransitionMask_1241529534(all_10_0, 6, 3, -1*all_10_26 + -1*all_10_27
|           + R66 - R65)
|   (35)  TransitionMask_1241529534(all_10_0, 6, 4, all_10_18)
|   (36)  Connected_1241529534(all_10_0, 4)
|   (37)  Connected_1241529534(all_10_0, 6)
| 
| THEORY_AXIOM uuverifiers.parikh_theory.RegisterCounting@4a003cbe: 
|   (38)  \forall int v0, v1, v2, v3, v4, v5, v6, v7, v8, v9, v10, v11, v12;
|         (TransitionMask_1241529534(v12, 1, 0, v0) ->
|           !TransitionMask_1241529534(v12, 0, 2, v9) |
|           !TransitionMask_1241529534(v12, 0, 1, v10) |
|           !TransitionMask_1241529534(v12, 0, 0, v11) |
|           !MonoidMap_1241529534(v12, v0, v1, v2, v3, v4, v4 + v2, v5, v6, v7,
|             v8, v8 - v7, 0) | TransitionMask_1241529534(v12, 7, 2, v9))
| 
| GROUND_INST: instantiating (38) with R1, R59, R6, R60, R61, R63, R64, R65,
|              R66, all_10_3, all_10_2, all_10_1, all_10_0, simplifying with
|              (21), (22), (23), (24), (25) gives:
|   (39)  TransitionMask_1241529534(all_10_0, 7, 2, all_10_3)
| 
| THEORY_AXIOM uuverifiers.parikh_theory.RegisterCounting@4a003cbe: 
|   (40)  \forall int v0, v1, v2, v3, v4, v5, v6, v7, v8, v9, v10, v11, v12;
|         (TransitionMask_1241529534(v12, 1, 0, v0) ->
|           !TransitionMask_1241529534(v12, 0, 2, v9) |
|           !TransitionMask_1241529534(v12, 0, 1, v10) |
|           !TransitionMask_1241529534(v12, 0, 0, v11) |
|           !MonoidMap_1241529534(v12, v0, v1, v2, v3, v4, v4 + v2, v5, v6, v7,
|             v8, v8 - v7, 0) | TransitionMask_1241529534(v12, 7, 1, v10))
| 
| GROUND_INST: instantiating (40) with R1, R59, R6, R60, R61, R63, R64, R65,
|              R66, all_10_3, all_10_2, all_10_1, all_10_0, simplifying with
|              (21), (22), (23), (24), (25) gives:
|   (41)  TransitionMask_1241529534(all_10_0, 7, 1, all_10_2)
| 
| THEORY_AXIOM uuverifiers.parikh_theory.RegisterCounting@4a003cbe: 
|   (42)  \forall int v0, v1, v2, v3, v4, v5, v6, v7, v8, v9, v10, v11, v12;
|         (TransitionMask_1241529534(v12, 1, 0, v0) ->
|           !TransitionMask_1241529534(v12, 0, 2, v9) |
|           !TransitionMask_1241529534(v12, 0, 1, v10) |
|           !TransitionMask_1241529534(v12, 0, 0, v11) |
|           !MonoidMap_1241529534(v12, v0, v1, v2, v3, v4, v4 + v2, v5, v6, v7,
|             v8, v8 - v7, 0) | TransitionMask_1241529534(v12, 7, 0, -1*v10 +
|             -1*v9 + v0))
| 
| GROUND_INST: instantiating (42) with R1, R59, R6, R60, R61, R63, R64, R65,
|              R66, all_10_3, all_10_2, all_10_1, all_10_0, simplifying with
|              (21), (22), (23), (24), (25) gives:
|   (43)  TransitionMask_1241529534(all_10_0, 7, 0, -1*all_10_2 + -1*all_10_3 +
|           R1)
| 
| BETA: splitting (1) gives:
| 
| Case 1:
| | 
| |   (44)  R7 = 0 & -1 >= R1
| | 
| | ALPHA: (44) implies:
| |   (45)  -1 >= R1
| | 
| | COMBINE_INEQS: (11), (45) imply:
| |   (46)  false
| | 
| | CLOSE: (46) is inconsistent.
| | 
| Case 2:
| | 
| |   (47)  R65 = 0 & R63 = 0
| | 
| | ALPHA: (47) implies:
| |   (48)  R63 = 0
| |   (49)  R65 = 0
| | 
| | COMBINE_EQS: (10), (49) imply:
| |   (50)  R7 = R66
| | 
| | REDUCE: (16), (49) imply:
| |   (51)  -1*all_10_26 + -1*all_10_27 + R66 >= 0
| | 
| | COMBINE_INEQS: (18), (20) imply:
| |   (52)  R6 >= all_10_23
| | 
| | COMBINE_INEQS: (17), (52) imply:
| |   (53)  R6 >= 0
| | 
| | REDUCE: (34), (49) imply:
| |   (54)  TransitionMask_1241529534(all_10_0, 6, 3, -1*all_10_26 +
| |           -1*all_10_27 + R66)
| | 
| | REDUCE: (31), (49) imply:
| |   (55)  TransitionMask_1241529534(all_10_0, 6, 0, 0)
| | 
| | REDUCE: (21), (48), (49) imply:
| |   (56)  MonoidMap_1241529534(all_10_0, R1, R59, R6, R60, R61, R61 + R6, 0,
| |           R64, 0, R66, R66, 0)
| | 
| | BETA: splitting (4) gives:
| | 
| | Case 1:
| | | 
| | |   (57)  R6 != 0
| | | 
| | | STRENGTHEN: (53), (57) imply:
| | |   (58)  R6 >= 1
| | | 
| | | BETA: splitting (6) gives:
| | | 
| | | Case 1:
| | | | 
| | | |   (59)  R65 != 0
| | | | 
| | | | REDUCE: (49), (59) imply:
| | | |   (60)  false
| | | | 
| | | | CLOSE: (60) is inconsistent.
| | | | 
| | | Case 2:
| | | | 
| | | |   (61)  (R7 != 0 | R66 = 1 | ((R66 != R1 | R1 < 1) & (R66 = R1 | R1 <
| | | |               1))) & (R7 = 0 | ((R66 != R1 | R1 < 2) & (R66 != 1 | -1 <
| | | |               R1) & (R66 = R1 | R66 = 1)))
| | | | 
| | | | ALPHA: (61) implies:
| | | |   (62)  R7 = 0 | ((R66 != R1 | R1 < 2) & (R66 != 1 | -1 < R1) & (R66 =
| | | |             R1 | R66 = 1))
| | | |   (63)  R7 != 0 | R66 = 1 | ((R66 != R1 | R1 < 1) & (R66 = R1 | R1 < 1))
| | | | 
| | | | BETA: splitting (2) gives:
| | | | 
| | | | Case 1:
| | | | | 
| | | | |   (64)  R6 = 0
| | | | | 
| | | | | REDUCE: (58), (64) imply:
| | | | |   (65)  false
| | | | | 
| | | | | CLOSE: (65) is inconsistent.
| | | | | 
| | | | Case 2:
| | | | | 
| | | | |   (66)  R60 = R1 & R59 - R1 = -1
| | | | | 
| | | | | ALPHA: (66) implies:
| | | | |   (67)  R59 - R1 = -1
| | | | |   (68)  R60 = R1
| | | | | 
| | | | | REDUCE: (56), (67), (68) imply:
| | | | |   (69)  MonoidMap_1241529534(all_10_0, R1, R1 - 1, R6, R1, R61, R61 +
| | | | |           R6, 0, R64, 0, R66, R66, 0)
| | | | | 
| | | | | BETA: splitting (3) gives:
| | | | | 
| | | | | Case 1:
| | | | | | 
| | | | | |   (70)  R6 = 0
| | | | | | 
| | | | | | REDUCE: (58), (70) imply:
| | | | | |   (71)  false
| | | | | | 
| | | | | | CLOSE: (71) is inconsistent.
| | | | | | 
| | | | | Case 2:
| | | | | | 
| | | | | |   (72)  R62 = R1 & R61 - R1 = -1
| | | | | | 
| | | | | | ALPHA: (72) implies:
| | | | | |   (73)  R61 - R1 = -1
| | | | | |   (74)  R62 = R1
| | | | | | 
| | | | | | COMBINE_EQS: (9), (74) imply:
| | | | | |   (75)  R61 + R6 = R1
| | | | | | 
| | | | | | COMBINE_EQS: (73), (75) imply:
| | | | | |   (76)  R6 = 1
| | | | | | 
| | | | | | COMBINE_INEQS: (14), (51) imply:
| | | | | |   (77)  R66 >= all_10_27
| | | | | | 
| | | | | | COMBINE_INEQS: (13), (77) imply:
| | | | | |   (78)  R66 >= 0
| | | | | | 
| | | | | | REDUCE: (69), (73), (76) imply:
| | | | | |   (79)  MonoidMap_1241529534(all_10_0, R1, R1 - 1, 1, R1, R1 - 1,
| | | | | |           R1, 0, R64, 0, R66, R66, 0)
| | | | | | 
| | | | | | BETA: splitting (63) gives:
| | | | | | 
| | | | | | Case 1:
| | | | | | | 
| | | | | | |   (80)  R7 != 0
| | | | | | | 
| | | | | | | REDUCE: (50), (80) imply:
| | | | | | |   (81)  R66 != 0
| | | | | | | 
| | | | | | | STRENGTHEN: (78), (81) imply:
| | | | | | |   (82)  R66 >= 1
| | | | | | | 
| | | | | | | BETA: splitting (5) gives:
| | | | | | | 
| | | | | | | Case 1:
| | | | | | | | 
| | | | | | | |   (83)  R63 != 0
| | | | | | | | 
| | | | | | | | REDUCE: (48), (83) imply:
| | | | | | | |   (84)  false
| | | | | | | | 
| | | | | | | | CLOSE: (84) is inconsistent.
| | | | | | | | 
| | | | | | | Case 2:
| | | | | | | | 
| | | | | | | |   (85)  (R7 != 0 | R64 = 1 | ((R64 != R1 | R1 < 1) & (R64 = R1 |
| | | | | | | |               R1 < 1))) & (R7 = 0 | ((R64 != R1 | R1 < 2) & (R64
| | | | | | | |               != 1 | -1 < R1) & (R64 = R1 | R64 = 1)))
| | | | | | | | 
| | | | | | | | ALPHA: (85) implies:
| | | | | | | |   (86)  R7 = 0 | ((R64 != R1 | R1 < 2) & (R64 != 1 | -1 < R1) &
| | | | | | | |           (R64 = R1 | R64 = 1))
| | | | | | | | 
| | | | | | | | BETA: splitting (62) gives:
| | | | | | | | 
| | | | | | | | Case 1:
| | | | | | | | | 
| | | | | | | | |   (87)  R7 = 0
| | | | | | | | | 
| | | | | | | | | COMBINE_EQS: (50), (87) imply:
| | | | | | | | |   (88)  R66 = 0
| | | | | | | | | 
| | | | | | | | | REDUCE: (82), (88) imply:
| | | | | | | | |   (89)  false
| | | | | | | | | 
| | | | | | | | | CLOSE: (89) is inconsistent.
| | | | | | | | | 
| | | | | | | | Case 2:
| | | | | | | | | 
| | | | | | | | |   (90)  (R66 != R1 | R1 < 2) & (R66 != 1 | -1 < R1) & (R66 =
| | | | | | | | |           R1 | R66 = 1)
| | | | | | | | | 
| | | | | | | | | ALPHA: (90) implies:
| | | | | | | | |   (91)  R66 = R1 | R66 = 1
| | | | | | | | |   (92)  R66 != R1 | R1 < 2
| | | | | | | | | 
| | | | | | | | | BETA: splitting (86) gives:
| | | | | | | | | 
| | | | | | | | | Case 1:
| | | | | | | | | | 
| | | | | | | | | |   (93)  R7 = 0
| | | | | | | | | | 
| | | | | | | | | | COMBINE_EQS: (50), (93) imply:
| | | | | | | | | |   (94)  R66 = 0
| | | | | | | | | | 
| | | | | | | | | | REDUCE: (82), (94) imply:
| | | | | | | | | |   (95)  false
| | | | | | | | | | 
| | | | | | | | | | CLOSE: (95) is inconsistent.
| | | | | | | | | | 
| | | | | | | | | Case 2:
| | | | | | | | | | 
| | | | | | | | | |   (96)  (R64 != R1 | R1 < 2) & (R64 != 1 | -1 < R1) & (R64 =
| | | | | | | | | |           R1 | R64 = 1)
| | | | | | | | | | 
| | | | | | | | | | ALPHA: (96) implies:
| | | | | | | | | |   (97)  R64 = R1 | R64 = 1
| | | | | | | | | |   (98)  R64 != R1 | R1 < 2
| | | | | | | | | | 
| | | | | | | | | | BETA: splitting (91) gives:
| | | | | | | | | | 
| | | | | | | | | | Case 1:
| | | | | | | | | | | 
| | | | | | | | | | |   (99)  R66 = R1
| | | | | | | | | | | 
| | | | | | | | | | | REDUCE: (51), (99) imply:
| | | | | | | | | | |   (100)  -1*all_10_26 + -1*all_10_27 + R1 >= 0
| | | | | | | | | | | 
| | | | | | | | | | | REDUCE: (54), (99) imply:
| | | | | | | | | | |   (101)  TransitionMask_1241529534(all_10_0, 6, 3,
| | | | | | | | | | |            -1*all_10_26 + -1*all_10_27 + R1)
| | | | | | | | | | | 
| | | | | | | | | | | REDUCE: (79), (99) imply:
| | | | | | | | | | |   (102)  MonoidMap_1241529534(all_10_0, R1, R1 - 1, 1, R1,
| | | | | | | | | | |            R1 - 1, R1, 0, R64, 0, R1, R1, 0)
| | | | | | | | | | | 
| | | | | | | | | | | BETA: splitting (92) gives:
| | | | | | | | | | | 
| | | | | | | | | | | Case 1:
| | | | | | | | | | | | 
| | | | | | | | | | | |   (103)  R66 != R1
| | | | | | | | | | | | 
| | | | | | | | | | | | REDUCE: (99), (103) imply:
| | | | | | | | | | | |   (104)  false
| | | | | | | | | | | | 
| | | | | | | | | | | | CLOSE: (104) is inconsistent.
| | | | | | | | | | | | 
| | | | | | | | | | | Case 2:
| | | | | | | | | | | | 
| | | | | | | | | | | |   (105)  1 >= R1
| | | | | | | | | | | | 
| | | | | | | | | | | | ANTI_SYMM: (11), (105) imply:
| | | | | | | | | | | |   (106)  R1 = 1
| | | | | | | | | | | | 
| | | | | | | | | | | | REDUCE: (100), (106) imply:
| | | | | | | | | | | |   (107)  -1*all_10_26 + -1*all_10_27 >= -1
| | | | | | | | | | | | 
| | | | | | | | | | | | REDUCE: (43), (106) imply:
| | | | | | | | | | | |   (108)  TransitionMask_1241529534(all_10_0, 7, 0,
| | | | | | | | | | | |            -1*all_10_2 + -1*all_10_3 + 1)
| | | | | | | | | | | | 
| | | | | | | | | | | | REDUCE: (101), (106) imply:
| | | | | | | | | | | |   (109)  TransitionMask_1241529534(all_10_0, 6, 3,
| | | | | | | | | | | |            -1*all_10_26 + -1*all_10_27 + 1)
| | | | | | | | | | | | 
| | | | | | | | | | | | REDUCE: (102), (106) imply:
| | | | | | | | | | | |   (110)  MonoidMap_1241529534(all_10_0, 1, 0, 1, 1, 0, 1,
| | | | | | | | | | | |            0, R64, 0, 1, 1, 0)
| | | | | | | | | | | | 
| | | | | | | | | | | | BETA: splitting (97) gives:
| | | | | | | | | | | | 
| | | | | | | | | | | | Case 1:
| | | | | | | | | | | | | 
| | | | | | | | | | | | |   (111)  R64 = R1
| | | | | | | | | | | | | 
| | | | | | | | | | | | | COMBINE_EQS: (106), (111) imply:
| | | | | | | | | | | | |   (112)  R64 = 1
| | | | | | | | | | | | | 
| | | | | | | | | | | | | REDUCE: (110), (112) imply:
| | | | | | | | | | | | |   (113)  MonoidMap_1241529534(all_10_0, 1, 0, 1, 1, 0, 1,
| | | | | | | | | | | | |            0, 1, 0, 1, 1, 0)
| | | | | | | | | | | | | 
| | | | | | | | | | | | | CUT: with all_10_26 + all_10_27 = 0:
| | | | | | | | | | | | | 
| | | | | | | | | | | | | Case 1:
| | | | | | | | | | | | | | 
| | | | | | | | | | | | | |   (114)  all_10_26 + all_10_27 = 0
| | | | | | | | | | | | | | 
| | | | | | | | | | | | | | REDUCE: (14), (114) imply:
| | | | | | | | | | | | | |   (115)  0 >= all_10_27
| | | | | | | | | | | | | | 
| | | | | | | | | | | | | | ANTI_SYMM: (13), (115) imply:
| | | | | | | | | | | | | |   (116)  all_10_27 = 0
| | | | | | | | | | | | | | 
| | | | | | | | | | | | | | COMBINE_EQS: (114), (116) imply:
| | | | | | | | | | | | | |   (117)  all_10_26 = 0
| | | | | | | | | | | | | | 
| | | | | | | | | | | | | | REDUCE: (109), (116), (117) imply:
| | | | | | | | | | | | | |   (118)  TransitionMask_1241529534(all_10_0, 6, 3, 1)
| | | | | | | | | | | | | | 
| | | | | | | | | | | | | | REDUCE: (32), (116), (117) imply:
| | | | | | | | | | | | | |   (119)  TransitionMask_1241529534(all_10_0, 6, 1, 0)
| | | | | | | | | | | | | | 
| | | | | | | | | | | | | | REF_CLOSE: (37), (118), (119) are inconsistent by sub-proof
| | | | | | | | | | | | | |            #1.
| | | | | | | | | | | | | | 
| | | | | | | | | | | | | Case 2:
| | | | | | | | | | | | | | 
| | | | | | | | | | | | | |   (120)  all_10_26 + all_10_27 != 0
| | | | | | | | | | | | | | 
| | | | | | | | | | | | | | STRENGTHEN: (15), (120) imply:
| | | | | | | | | | | | | |   (121)  all_10_26 + all_10_27 >= 1
| | | | | | | | | | | | | | 
| | | | | | | | | | | | | | ANTI_SYMM: (107), (121) imply:
| | | | | | | | | | | | | |   (122)  all_10_26 + all_10_27 = 1
| | | | | | | | | | | | | | 
| | | | | | | | | | | | | | REDUCE: (109), (122) imply:
| | | | | | | | | | | | | |   (123)  TransitionMask_1241529534(all_10_0, 6, 3, 0)
| | | | | | | | | | | | | | 
| | | | | | | | | | | | | | REDUCE: (32), (122) imply:
| | | | | | | | | | | | | |   (124)  TransitionMask_1241529534(all_10_0, 6, 1, 1)
| | | | | | | | | | | | | | 
| | | | | | | | | | | | | | THEORY_AXIOM uuverifiers.parikh_theory.RegisterCounting@4a003cbe: 
| | | | | | | | | | | | | |   (125)  \forall int v0, v1, v2, v3, v4;
| | | | | | | | | | | | | |          (TransitionMask_1241529534(v4, 7, 2, v2) ->
| | | | | | | | | | | | | |            !TransitionMask_1241529534(v4, 7, 1, v3) |
| | | | | | | | | | | | | |            !TransitionMask_1241529534(v4, 7, 0, -1*v3 +
| | | | | | | | | | | | | |              -1*v2 + 1) | !TransitionMask_1241529534(v4, 6,
| | | | | | | | | | | | | |              4, v1) | !TransitionMask_1241529534(v4, 6, 3,
| | | | | | | | | | | | | |              0) | !TransitionMask_1241529534(v4, 6, 2, v0)
| | | | | | | | | | | | | |            | !TransitionMask_1241529534(v4, 6, 1, 1) |
| | | | | | | | | | | | | |            !TransitionMask_1241529534(v4, 6, 0, 0) |
| | | | | | | | | | | | | |            !MonoidMap_1241529534(v4, 1, 0, 1, 1, 0, 1, 0,
| | | | | | | | | | | | | |              1, 0, 1, 1, 0))
| | | | | | | | | | | | | | 
| | | | | | | | | | | | | | GROUND_INST: instantiating (125) with all_10_27, all_10_18,
| | | | | | | | | | | | | |              all_10_3, all_10_2, all_10_0 gives:
| | | | | | | | | | | | | |   (126)  TransitionMask_1241529534(all_10_0, 7, 2,
| | | | | | | | | | | | | |            all_10_3) ->
| | | | | | | | | | | | | |          !TransitionMask_1241529534(all_10_0, 7, 1,
| | | | | | | | | | | | | |            all_10_2) | !TransitionMask_1241529534(all_10_0,
| | | | | | | | | | | | | |            7, 0, -1*all_10_2 + -1*all_10_3 + 1) |
| | | | | | | | | | | | | |          !TransitionMask_1241529534(all_10_0, 6, 4,
| | | | | | | | | | | | | |            all_10_18) |
| | | | | | | | | | | | | |          !TransitionMask_1241529534(all_10_0, 6, 3, 0) |
| | | | | | | | | | | | | |          !TransitionMask_1241529534(all_10_0, 6, 2,
| | | | | | | | | | | | | |            all_10_27) |
| | | | | | | | | | | | | |          !TransitionMask_1241529534(all_10_0, 6, 1, 1) |
| | | | | | | | | | | | | |          !TransitionMask_1241529534(all_10_0, 6, 0, 0) |
| | | | | | | | | | | | | |          !MonoidMap_1241529534(all_10_0, 1, 0, 1, 1, 0, 1,
| | | | | | | | | | | | | |            0, 1, 0, 1, 1, 0)
| | | | | | | | | | | | | | 
| | | | | | | | | | | | | | BETA: splitting (126) gives:
| | | | | | | | | | | | | | 
| | | | | | | | | | | | | | Case 1:
| | | | | | | | | | | | | | | 
| | | | | | | | | | | | | | |   (127)  TransitionMask_1241529534(all_10_0, 6, 3, 0) ->
| | | | | | | | | | | | | | |          !TransitionMask_1241529534(all_10_0, 6, 2,
| | | | | | | | | | | | | | |            all_10_27) |
| | | | | | | | | | | | | | |          !TransitionMask_1241529534(all_10_0, 6, 1, 1) |
| | | | | | | | | | | | | | |          !TransitionMask_1241529534(all_10_0, 6, 0, 0)
| | | | | | | | | | | | | | | 
| | | | | | | | | | | | | | | BETA: splitting (127) gives:
| | | | | | | | | | | | | | | 
| | | | | | | | | | | | | | | Case 1:
| | | | | | | | | | | | | | | | 
| | | | | | | | | | | | | | | |   (128)  TransitionMask_1241529534(all_10_0, 6, 1, 1) ->
| | | | | | | | | | | | | | | |          !TransitionMask_1241529534(all_10_0, 6, 0, 0)
| | | | | | | | | | | | | | | | 
| | | | | | | | | | | | | | | | BETA: splitting (128) gives:
| | | | | | | | | | | | | | | | 
| | | | | | | | | | | | | | | | Case 1:
| | | | | | | | | | | | | | | | | 
| | | | | | | | | | | | | | | | |   (129)  !TransitionMask_1241529534(all_10_0, 6, 0, 0)
| | | | | | | | | | | | | | | | | 
| | | | | | | | | | | | | | | | | PRED_UNIFY: (55), (129) imply:
| | | | | | | | | | | | | | | | |   (130)  false
| | | | | | | | | | | | | | | | | 
| | | | | | | | | | | | | | | | | CLOSE: (130) is inconsistent.
| | | | | | | | | | | | | | | | | 
| | | | | | | | | | | | | | | | Case 2:
| | | | | | | | | | | | | | | | | 
| | | | | | | | | | | | | | | | |   (131)  !TransitionMask_1241529534(all_10_0, 6, 1, 1)
| | | | | | | | | | | | | | | | | 
| | | | | | | | | | | | | | | | | PRED_UNIFY: (124), (131) imply:
| | | | | | | | | | | | | | | | |   (132)  false
| | | | | | | | | | | | | | | | | 
| | | | | | | | | | | | | | | | | CLOSE: (132) is inconsistent.
| | | | | | | | | | | | | | | | | 
| | | | | | | | | | | | | | | | End of split
| | | | | | | | | | | | | | | | 
| | | | | | | | | | | | | | | Case 2:
| | | | | | | | | | | | | | | | 
| | | | | | | | | | | | | | | |   (133)  TransitionMask_1241529534(all_10_0, 6, 3, 0) ->
| | | | | | | | | | | | | | | |          !TransitionMask_1241529534(all_10_0, 6, 2,
| | | | | | | | | | | | | | | |            all_10_27)
| | | | | | | | | | | | | | | | 
| | | | | | | | | | | | | | | | BETA: splitting (133) gives:
| | | | | | | | | | | | | | | | 
| | | | | | | | | | | | | | | | Case 1:
| | | | | | | | | | | | | | | | | 
| | | | | | | | | | | | | | | | |   (134)  !TransitionMask_1241529534(all_10_0, 6, 2,
| | | | | | | | | | | | | | | | |            all_10_27)
| | | | | | | | | | | | | | | | | 
| | | | | | | | | | | | | | | | | PRED_UNIFY: (33), (134) imply:
| | | | | | | | | | | | | | | | |   (135)  false
| | | | | | | | | | | | | | | | | 
| | | | | | | | | | | | | | | | | CLOSE: (135) is inconsistent.
| | | | | | | | | | | | | | | | | 
| | | | | | | | | | | | | | | | Case 2:
| | | | | | | | | | | | | | | | | 
| | | | | | | | | | | | | | | | |   (136)  !TransitionMask_1241529534(all_10_0, 6, 3, 0)
| | | | | | | | | | | | | | | | | 
| | | | | | | | | | | | | | | | | PRED_UNIFY: (123), (136) imply:
| | | | | | | | | | | | | | | | |   (137)  false
| | | | | | | | | | | | | | | | | 
| | | | | | | | | | | | | | | | | CLOSE: (137) is inconsistent.
| | | | | | | | | | | | | | | | | 
| | | | | | | | | | | | | | | | End of split
| | | | | | | | | | | | | | | | 
| | | | | | | | | | | | | | | End of split
| | | | | | | | | | | | | | | 
| | | | | | | | | | | | | | Case 2:
| | | | | | | | | | | | | | | 
| | | | | | | | | | | | | | |   (138)  TransitionMask_1241529534(all_10_0, 7, 2,
| | | | | | | | | | | | | | |            all_10_3) ->
| | | | | | | | | | | | | | |          !TransitionMask_1241529534(all_10_0, 7, 1,
| | | | | | | | | | | | | | |            all_10_2) | !TransitionMask_1241529534(all_10_0,
| | | | | | | | | | | | | | |            7, 0, -1*all_10_2 + -1*all_10_3 + 1) |
| | | | | | | | | | | | | | |          !TransitionMask_1241529534(all_10_0, 6, 4,
| | | | | | | | | | | | | | |            all_10_18) | !MonoidMap_1241529534(all_10_0, 1,
| | | | | | | | | | | | | | |            0, 1, 1, 0, 1, 0, 1, 0, 1, 1, 0)
| | | | | | | | | | | | | | | 
| | | | | | | | | | | | | | | BETA: splitting (138) gives:
| | | | | | | | | | | | | | | 
| | | | | | | | | | | | | | | Case 1:
| | | | | | | | | | | | | | | | 
| | | | | | | | | | | | | | | |   (139)  TransitionMask_1241529534(all_10_0, 7, 0,
| | | | | | | | | | | | | | | |            -1*all_10_2 + -1*all_10_3 + 1) ->
| | | | | | | | | | | | | | | |          !TransitionMask_1241529534(all_10_0, 6, 4,
| | | | | | | | | | | | | | | |            all_10_18)
| | | | | | | | | | | | | | | | 
| | | | | | | | | | | | | | | | BETA: splitting (139) gives:
| | | | | | | | | | | | | | | | 
| | | | | | | | | | | | | | | | Case 1:
| | | | | | | | | | | | | | | | | 
| | | | | | | | | | | | | | | | |   (140)  !TransitionMask_1241529534(all_10_0, 6, 4,
| | | | | | | | | | | | | | | | |            all_10_18)
| | | | | | | | | | | | | | | | | 
| | | | | | | | | | | | | | | | | PRED_UNIFY: (35), (140) imply:
| | | | | | | | | | | | | | | | |   (141)  false
| | | | | | | | | | | | | | | | | 
| | | | | | | | | | | | | | | | | CLOSE: (141) is inconsistent.
| | | | | | | | | | | | | | | | | 
| | | | | | | | | | | | | | | | Case 2:
| | | | | | | | | | | | | | | | | 
| | | | | | | | | | | | | | | | |   (142)  !TransitionMask_1241529534(all_10_0, 7, 0,
| | | | | | | | | | | | | | | | |            -1*all_10_2 + -1*all_10_3 + 1)
| | | | | | | | | | | | | | | | | 
| | | | | | | | | | | | | | | | | PRED_UNIFY: (108), (142) imply:
| | | | | | | | | | | | | | | | |   (143)  false
| | | | | | | | | | | | | | | | | 
| | | | | | | | | | | | | | | | | CLOSE: (143) is inconsistent.
| | | | | | | | | | | | | | | | | 
| | | | | | | | | | | | | | | | End of split
| | | | | | | | | | | | | | | | 
| | | | | | | | | | | | | | | Case 2:
| | | | | | | | | | | | | | | | 
| | | | | | | | | | | | | | | |   (144)  TransitionMask_1241529534(all_10_0, 7, 2,
| | | | | | | | | | | | | | | |            all_10_3) ->
| | | | | | | | | | | | | | | |          !TransitionMask_1241529534(all_10_0, 7, 1,
| | | | | | | | | | | | | | | |            all_10_2) | !MonoidMap_1241529534(all_10_0, 1,
| | | | | | | | | | | | | | | |            0, 1, 1, 0, 1, 0, 1, 0, 1, 1, 0)
| | | | | | | | | | | | | | | | 
| | | | | | | | | | | | | | | | BETA: splitting (144) gives:
| | | | | | | | | | | | | | | | 
| | | | | | | | | | | | | | | | Case 1:
| | | | | | | | | | | | | | | | | 
| | | | | | | | | | | | | | | | |   (145)  !TransitionMask_1241529534(all_10_0, 7, 1,
| | | | | | | | | | | | | | | | |            all_10_2)
| | | | | | | | | | | | | | | | | 
| | | | | | | | | | | | | | | | | PRED_UNIFY: (41), (145) imply:
| | | | | | | | | | | | | | | | |   (146)  false
| | | | | | | | | | | | | | | | | 
| | | | | | | | | | | | | | | | | CLOSE: (146) is inconsistent.
| | | | | | | | | | | | | | | | | 
| | | | | | | | | | | | | | | | Case 2:
| | | | | | | | | | | | | | | | | 
| | | | | | | | | | | | | | | | |   (147)  TransitionMask_1241529534(all_10_0, 7, 2,
| | | | | | | | | | | | | | | | |            all_10_3) -> !MonoidMap_1241529534(all_10_0, 1,
| | | | | | | | | | | | | | | | |            0, 1, 1, 0, 1, 0, 1, 0, 1, 1, 0)
| | | | | | | | | | | | | | | | | 
| | | | | | | | | | | | | | | | | BETA: splitting (147) gives:
| | | | | | | | | | | | | | | | | 
| | | | | | | | | | | | | | | | | Case 1:
| | | | | | | | | | | | | | | | | | 
| | | | | | | | | | | | | | | | | |   (148)  !TransitionMask_1241529534(all_10_0, 7, 2,
| | | | | | | | | | | | | | | | | |            all_10_3)
| | | | | | | | | | | | | | | | | | 
| | | | | | | | | | | | | | | | | | PRED_UNIFY: (39), (148) imply:
| | | | | | | | | | | | | | | | | |   (149)  false
| | | | | | | | | | | | | | | | | | 
| | | | | | | | | | | | | | | | | | CLOSE: (149) is inconsistent.
| | | | | | | | | | | | | | | | | | 
| | | | | | | | | | | | | | | | | Case 2:
| | | | | | | | | | | | | | | | | | 
| | | | | | | | | | | | | | | | | |   (150)  !MonoidMap_1241529534(all_10_0, 1, 0, 1, 1, 0, 1,
| | | | | | | | | | | | | | | | | |            0, 1, 0, 1, 1, 0)
| | | | | | | | | | | | | | | | | | 
| | | | | | | | | | | | | | | | | | PRED_UNIFY: (113), (150) imply:
| | | | | | | | | | | | | | | | | |   (151)  false
| | | | | | | | | | | | | | | | | | 
| | | | | | | | | | | | | | | | | | CLOSE: (151) is inconsistent.
| | | | | | | | | | | | | | | | | | 
| | | | | | | | | | | | | | | | | End of split
| | | | | | | | | | | | | | | | | 
| | | | | | | | | | | | | | | | End of split
| | | | | | | | | | | | | | | | 
| | | | | | | | | | | | | | | End of split
| | | | | | | | | | | | | | | 
| | | | | | | | | | | | | | End of split
| | | | | | | | | | | | | | 
| | | | | | | | | | | | | End of split
| | | | | | | | | | | | | 
| | | | | | | | | | | | Case 2:
| | | | | | | | | | | | | 
| | | | | | | | | | | | |   (152)  R64 = 1
| | | | | | | | | | | | |   (153)  R64 != R1
| | | | | | | | | | | | | 
| | | | | | | | | | | | | REDUCE: (106), (152), (153) imply:
| | | | | | | | | | | | |   (154)  false
| | | | | | | | | | | | | 
| | | | | | | | | | | | | CLOSE: (154) is inconsistent.
| | | | | | | | | | | | | 
| | | | | | | | | | | | End of split
| | | | | | | | | | | | 
| | | | | | | | | | | End of split
| | | | | | | | | | | 
| | | | | | | | | | Case 2:
| | | | | | | | | | | 
| | | | | | | | | | |   (155)  R66 = 1
| | | | | | | | | | |   (156)  R66 != R1
| | | | | | | | | | | 
| | | | | | | | | | | REDUCE: (51), (155) imply:
| | | | | | | | | | |   (157)  -1*all_10_26 + -1*all_10_27 >= -1
| | | | | | | | | | | 
| | | | | | | | | | | REDUCE: (155), (156) imply:
| | | | | | | | | | |   (158)  R1 != 1
| | | | | | | | | | | 
| | | | | | | | | | | SIMP: (158) implies:
| | | | | | | | | | |   (159)  R1 != 1
| | | | | | | | | | | 
| | | | | | | | | | | STRENGTHEN: (11), (159) imply:
| | | | | | | | | | |   (160)  R1 >= 2
| | | | | | | | | | | 
| | | | | | | | | | | REDUCE: (54), (155) imply:
| | | | | | | | | | |   (161)  TransitionMask_1241529534(all_10_0, 6, 3,
| | | | | | | | | | |            -1*all_10_26 + -1*all_10_27 + 1)
| | | | | | | | | | | 
| | | | | | | | | | | REDUCE: (79), (155) imply:
| | | | | | | | | | |   (162)  MonoidMap_1241529534(all_10_0, R1, R1 - 1, 1, R1,
| | | | | | | | | | |            R1 - 1, R1, 0, R64, 0, 1, 1, 0)
| | | | | | | | | | | 
| | | | | | | | | | | BETA: splitting (98) gives:
| | | | | | | | | | | 
| | | | | | | | | | | Case 1:
| | | | | | | | | | | | 
| | | | | | | | | | | |   (163)  R64 != R1
| | | | | | | | | | | | 
| | | | | | | | | | | | BETA: splitting (97) gives:
| | | | | | | | | | | | 
| | | | | | | | | | | | Case 1:
| | | | | | | | | | | | | 
| | | | | | | | | | | | |   (164)  R64 = R1
| | | | | | | | | | | | | 
| | | | | | | | | | | | | REDUCE: (163), (164) imply:
| | | | | | | | | | | | |   (165)  false
| | | | | | | | | | | | | 
| | | | | | | | | | | | | CLOSE: (165) is inconsistent.
| | | | | | | | | | | | | 
| | | | | | | | | | | | Case 2:
| | | | | | | | | | | | | 
| | | | | | | | | | | | |   (166)  R64 = 1
| | | | | | | | | | | | | 
| | | | | | | | | | | | | REDUCE: (162), (166) imply:
| | | | | | | | | | | | |   (167)  MonoidMap_1241529534(all_10_0, R1, R1 - 1, 1, R1,
| | | | | | | | | | | | |            R1 - 1, R1, 0, 1, 0, 1, 1, 0)
| | | | | | | | | | | | | 
| | | | | | | | | | | | | CUT: with all_10_26 + all_10_27 = 0:
| | | | | | | | | | | | | 
| | | | | | | | | | | | | Case 1:
| | | | | | | | | | | | | | 
| | | | | | | | | | | | | |   (168)  all_10_26 + all_10_27 = 0
| | | | | | | | | | | | | | 
| | | | | | | | | | | | | | REDUCE: (14), (168) imply:
| | | | | | | | | | | | | |   (169)  0 >= all_10_27
| | | | | | | | | | | | | | 
| | | | | | | | | | | | | | ANTI_SYMM: (13), (169) imply:
| | | | | | | | | | | | | |   (170)  all_10_27 = 0
| | | | | | | | | | | | | | 
| | | | | | | | | | | | | | COMBINE_EQS: (168), (170) imply:
| | | | | | | | | | | | | |   (171)  all_10_26 = 0
| | | | | | | | | | | | | | 
| | | | | | | | | | | | | | REDUCE: (161), (170), (171) imply:
| | | | | | | | | | | | | |   (172)  TransitionMask_1241529534(all_10_0, 6, 3, 1)
| | | | | | | | | | | | | | 
| | | | | | | | | | | | | | REDUCE: (32), (170), (171) imply:
| | | | | | | | | | | | | |   (173)  TransitionMask_1241529534(all_10_0, 6, 1, 0)
| | | | | | | | | | | | | | 
| | | | | | | | | | | | | | REF_CLOSE: (37), (172), (173) are inconsistent by sub-proof
| | | | | | | | | | | | | |            #1.
| | | | | | | | | | | | | | 
| | | | | | | | | | | | | Case 2:
| | | | | | | | | | | | | | 
| | | | | | | | | | | | | |   (174)  all_10_26 + all_10_27 != 0
| | | | | | | | | | | | | | 
| | | | | | | | | | | | | | STRENGTHEN: (15), (174) imply:
| | | | | | | | | | | | | |   (175)  all_10_26 + all_10_27 >= 1
| | | | | | | | | | | | | | 
| | | | | | | | | | | | | | ANTI_SYMM: (157), (175) imply:
| | | | | | | | | | | | | |   (176)  all_10_26 + all_10_27 = 1
| | | | | | | | | | | | | | 
| | | | | | | | | | | | | | REDUCE: (161), (176) imply:
| | | | | | | | | | | | | |   (177)  TransitionMask_1241529534(all_10_0, 6, 3, 0)
| | | | | | | | | | | | | | 
| | | | | | | | | | | | | | REDUCE: (32), (176) imply:
| | | | | | | | | | | | | |   (178)  TransitionMask_1241529534(all_10_0, 6, 1, 1)
| | | | | | | | | | | | | | 
| | | | | | | | | | | | | | THEORY_AXIOM uuverifiers.parikh_theory.RegisterCounting@4a003cbe: 
| | | | | | | | | | | | | |   (179)  \forall int v0, v1, v2, v3, v4, v5;
| | | | | | | | | | | | | |          (TransitionMask_1241529534(v5, 7, 2, v3) ->
| | | | | | | | | | | | | |            !TransitionMask_1241529534(v5, 7, 1, v4) |
| | | | | | | | | | | | | |            !TransitionMask_1241529534(v5, 7, 0, -1*v4 +
| | | | | | | | | | | | | |              -1*v3 + v0) | !TransitionMask_1241529534(v5,
| | | | | | | | | | | | | |              6, 4, v2) | !TransitionMask_1241529534(v5, 6,
| | | | | | | | | | | | | |              3, 0) | !TransitionMask_1241529534(v5, 6, 2,
| | | | | | | | | | | | | |              v1) | !TransitionMask_1241529534(v5, 6, 1, 1)
| | | | | | | | | | | | | |            | !TransitionMask_1241529534(v5, 6, 0, 0) |
| | | | | | | | | | | | | |            !MonoidMap_1241529534(v5, v0, v0 - 1, 1, v0, v0
| | | | | | | | | | | | | |              - 1, v0, 0, 1, 0, 1, 1, 0))
| | | | | | | | | | | | | | 
| | | | | | | | | | | | | | GROUND_INST: instantiating (179) with R1, all_10_27, all_10_18,
| | | | | | | | | | | | | |              all_10_3, all_10_2, all_10_0 gives:
| | | | | | | | | | | | | |   (180)  TransitionMask_1241529534(all_10_0, 7, 2,
| | | | | | | | | | | | | |            all_10_3) ->
| | | | | | | | | | | | | |          !TransitionMask_1241529534(all_10_0, 7, 1,
| | | | | | | | | | | | | |            all_10_2) | !TransitionMask_1241529534(all_10_0,
| | | | | | | | | | | | | |            7, 0, -1*all_10_2 + -1*all_10_3 + R1) |
| | | | | | | | | | | | | |          !TransitionMask_1241529534(all_10_0, 6, 4,
| | | | | | | | | | | | | |            all_10_18) |
| | | | | | | | | | | | | |          !TransitionMask_1241529534(all_10_0, 6, 3, 0) |
| | | | | | | | | | | | | |          !TransitionMask_1241529534(all_10_0, 6, 2,
| | | | | | | | | | | | | |            all_10_27) |
| | | | | | | | | | | | | |          !TransitionMask_1241529534(all_10_0, 6, 1, 1) |
| | | | | | | | | | | | | |          !TransitionMask_1241529534(all_10_0, 6, 0, 0) |
| | | | | | | | | | | | | |          !MonoidMap_1241529534(all_10_0, R1, R1 - 1, 1, R1,
| | | | | | | | | | | | | |            R1 - 1, R1, 0, 1, 0, 1, 1, 0)
| | | | | | | | | | | | | | 
| | | | | | | | | | | | | | BETA: splitting (180) gives:
| | | | | | | | | | | | | | 
| | | | | | | | | | | | | | Case 1:
| | | | | | | | | | | | | | | 
| | | | | | | | | | | | | | |   (181)  TransitionMask_1241529534(all_10_0, 6, 3, 0) ->
| | | | | | | | | | | | | | |          !TransitionMask_1241529534(all_10_0, 6, 2,
| | | | | | | | | | | | | | |            all_10_27) |
| | | | | | | | | | | | | | |          !TransitionMask_1241529534(all_10_0, 6, 1, 1) |
| | | | | | | | | | | | | | |          !TransitionMask_1241529534(all_10_0, 6, 0, 0)
| | | | | | | | | | | | | | | 
| | | | | | | | | | | | | | | BETA: splitting (181) gives:
| | | | | | | | | | | | | | | 
| | | | | | | | | | | | | | | Case 1:
| | | | | | | | | | | | | | | | 
| | | | | | | | | | | | | | | |   (182)  TransitionMask_1241529534(all_10_0, 6, 1, 1) ->
| | | | | | | | | | | | | | | |          !TransitionMask_1241529534(all_10_0, 6, 0, 0)
| | | | | | | | | | | | | | | | 
| | | | | | | | | | | | | | | | BETA: splitting (182) gives:
| | | | | | | | | | | | | | | | 
| | | | | | | | | | | | | | | | Case 1:
| | | | | | | | | | | | | | | | | 
| | | | | | | | | | | | | | | | |   (183)  !TransitionMask_1241529534(all_10_0, 6, 0, 0)
| | | | | | | | | | | | | | | | | 
| | | | | | | | | | | | | | | | | PRED_UNIFY: (55), (183) imply:
| | | | | | | | | | | | | | | | |   (184)  false
| | | | | | | | | | | | | | | | | 
| | | | | | | | | | | | | | | | | CLOSE: (184) is inconsistent.
| | | | | | | | | | | | | | | | | 
| | | | | | | | | | | | | | | | Case 2:
| | | | | | | | | | | | | | | | | 
| | | | | | | | | | | | | | | | |   (185)  !TransitionMask_1241529534(all_10_0, 6, 1, 1)
| | | | | | | | | | | | | | | | | 
| | | | | | | | | | | | | | | | | PRED_UNIFY: (178), (185) imply:
| | | | | | | | | | | | | | | | |   (186)  false
| | | | | | | | | | | | | | | | | 
| | | | | | | | | | | | | | | | | CLOSE: (186) is inconsistent.
| | | | | | | | | | | | | | | | | 
| | | | | | | | | | | | | | | | End of split
| | | | | | | | | | | | | | | | 
| | | | | | | | | | | | | | | Case 2:
| | | | | | | | | | | | | | | | 
| | | | | | | | | | | | | | | |   (187)  TransitionMask_1241529534(all_10_0, 6, 3, 0) ->
| | | | | | | | | | | | | | | |          !TransitionMask_1241529534(all_10_0, 6, 2,
| | | | | | | | | | | | | | | |            all_10_27)
| | | | | | | | | | | | | | | | 
| | | | | | | | | | | | | | | | BETA: splitting (187) gives:
| | | | | | | | | | | | | | | | 
| | | | | | | | | | | | | | | | Case 1:
| | | | | | | | | | | | | | | | | 
| | | | | | | | | | | | | | | | |   (188)  !TransitionMask_1241529534(all_10_0, 6, 2,
| | | | | | | | | | | | | | | | |            all_10_27)
| | | | | | | | | | | | | | | | | 
| | | | | | | | | | | | | | | | | PRED_UNIFY: (33), (188) imply:
| | | | | | | | | | | | | | | | |   (189)  false
| | | | | | | | | | | | | | | | | 
| | | | | | | | | | | | | | | | | CLOSE: (189) is inconsistent.
| | | | | | | | | | | | | | | | | 
| | | | | | | | | | | | | | | | Case 2:
| | | | | | | | | | | | | | | | | 
| | | | | | | | | | | | | | | | |   (190)  !TransitionMask_1241529534(all_10_0, 6, 3, 0)
| | | | | | | | | | | | | | | | | 
| | | | | | | | | | | | | | | | | PRED_UNIFY: (177), (190) imply:
| | | | | | | | | | | | | | | | |   (191)  false
| | | | | | | | | | | | | | | | | 
| | | | | | | | | | | | | | | | | CLOSE: (191) is inconsistent.
| | | | | | | | | | | | | | | | | 
| | | | | | | | | | | | | | | | End of split
| | | | | | | | | | | | | | | | 
| | | | | | | | | | | | | | | End of split
| | | | | | | | | | | | | | | 
| | | | | | | | | | | | | | Case 2:
| | | | | | | | | | | | | | | 
| | | | | | | | | | | | | | |   (192)  TransitionMask_1241529534(all_10_0, 7, 2,
| | | | | | | | | | | | | | |            all_10_3) ->
| | | | | | | | | | | | | | |          !TransitionMask_1241529534(all_10_0, 7, 1,
| | | | | | | | | | | | | | |            all_10_2) | !TransitionMask_1241529534(all_10_0,
| | | | | | | | | | | | | | |            7, 0, -1*all_10_2 + -1*all_10_3 + R1) |
| | | | | | | | | | | | | | |          !TransitionMask_1241529534(all_10_0, 6, 4,
| | | | | | | | | | | | | | |            all_10_18) | !MonoidMap_1241529534(all_10_0, R1,
| | | | | | | | | | | | | | |            R1 - 1, 1, R1, R1 - 1, R1, 0, 1, 0, 1, 1, 0)
| | | | | | | | | | | | | | | 
| | | | | | | | | | | | | | | BETA: splitting (192) gives:
| | | | | | | | | | | | | | | 
| | | | | | | | | | | | | | | Case 1:
| | | | | | | | | | | | | | | | 
| | | | | | | | | | | | | | | |   (193)  TransitionMask_1241529534(all_10_0, 7, 0,
| | | | | | | | | | | | | | | |            -1*all_10_2 + -1*all_10_3 + R1) ->
| | | | | | | | | | | | | | | |          !TransitionMask_1241529534(all_10_0, 6, 4,
| | | | | | | | | | | | | | | |            all_10_18)
| | | | | | | | | | | | | | | | 
| | | | | | | | | | | | | | | | BETA: splitting (193) gives:
| | | | | | | | | | | | | | | | 
| | | | | | | | | | | | | | | | Case 1:
| | | | | | | | | | | | | | | | | 
| | | | | | | | | | | | | | | | |   (194)  !TransitionMask_1241529534(all_10_0, 6, 4,
| | | | | | | | | | | | | | | | |            all_10_18)
| | | | | | | | | | | | | | | | | 
| | | | | | | | | | | | | | | | | PRED_UNIFY: (35), (194) imply:
| | | | | | | | | | | | | | | | |   (195)  false
| | | | | | | | | | | | | | | | | 
| | | | | | | | | | | | | | | | | CLOSE: (195) is inconsistent.
| | | | | | | | | | | | | | | | | 
| | | | | | | | | | | | | | | | Case 2:
| | | | | | | | | | | | | | | | | 
| | | | | | | | | | | | | | | | |   (196)  !TransitionMask_1241529534(all_10_0, 7, 0,
| | | | | | | | | | | | | | | | |            -1*all_10_2 + -1*all_10_3 + R1)
| | | | | | | | | | | | | | | | | 
| | | | | | | | | | | | | | | | | PRED_UNIFY: (43), (196) imply:
| | | | | | | | | | | | | | | | |   (197)  false
| | | | | | | | | | | | | | | | | 
| | | | | | | | | | | | | | | | | CLOSE: (197) is inconsistent.
| | | | | | | | | | | | | | | | | 
| | | | | | | | | | | | | | | | End of split
| | | | | | | | | | | | | | | | 
| | | | | | | | | | | | | | | Case 2:
| | | | | | | | | | | | | | | | 
| | | | | | | | | | | | | | | |   (198)  TransitionMask_1241529534(all_10_0, 7, 2,
| | | | | | | | | | | | | | | |            all_10_3) ->
| | | | | | | | | | | | | | | |          !TransitionMask_1241529534(all_10_0, 7, 1,
| | | | | | | | | | | | | | | |            all_10_2) | !MonoidMap_1241529534(all_10_0, R1,
| | | | | | | | | | | | | | | |            R1 - 1, 1, R1, R1 - 1, R1, 0, 1, 0, 1, 1, 0)
| | | | | | | | | | | | | | | | 
| | | | | | | | | | | | | | | | BETA: splitting (198) gives:
| | | | | | | | | | | | | | | | 
| | | | | | | | | | | | | | | | Case 1:
| | | | | | | | | | | | | | | | | 
| | | | | | | | | | | | | | | | |   (199)  !TransitionMask_1241529534(all_10_0, 7, 1,
| | | | | | | | | | | | | | | | |            all_10_2)
| | | | | | | | | | | | | | | | | 
| | | | | | | | | | | | | | | | | PRED_UNIFY: (41), (199) imply:
| | | | | | | | | | | | | | | | |   (200)  false
| | | | | | | | | | | | | | | | | 
| | | | | | | | | | | | | | | | | CLOSE: (200) is inconsistent.
| | | | | | | | | | | | | | | | | 
| | | | | | | | | | | | | | | | Case 2:
| | | | | | | | | | | | | | | | | 
| | | | | | | | | | | | | | | | |   (201)  TransitionMask_1241529534(all_10_0, 7, 2,
| | | | | | | | | | | | | | | | |            all_10_3) -> !MonoidMap_1241529534(all_10_0, R1,
| | | | | | | | | | | | | | | | |            R1 - 1, 1, R1, R1 - 1, R1, 0, 1, 0, 1, 1, 0)
| | | | | | | | | | | | | | | | | 
| | | | | | | | | | | | | | | | | BETA: splitting (201) gives:
| | | | | | | | | | | | | | | | | 
| | | | | | | | | | | | | | | | | Case 1:
| | | | | | | | | | | | | | | | | | 
| | | | | | | | | | | | | | | | | |   (202)  !TransitionMask_1241529534(all_10_0, 7, 2,
| | | | | | | | | | | | | | | | | |            all_10_3)
| | | | | | | | | | | | | | | | | | 
| | | | | | | | | | | | | | | | | | PRED_UNIFY: (39), (202) imply:
| | | | | | | | | | | | | | | | | |   (203)  false
| | | | | | | | | | | | | | | | | | 
| | | | | | | | | | | | | | | | | | CLOSE: (203) is inconsistent.
| | | | | | | | | | | | | | | | | | 
| | | | | | | | | | | | | | | | | Case 2:
| | | | | | | | | | | | | | | | | | 
| | | | | | | | | | | | | | | | | |   (204)  !MonoidMap_1241529534(all_10_0, R1, R1 - 1, 1, R1,
| | | | | | | | | | | | | | | | | |            R1 - 1, R1, 0, 1, 0, 1, 1, 0)
| | | | | | | | | | | | | | | | | | 
| | | | | | | | | | | | | | | | | | PRED_UNIFY: (167), (204) imply:
| | | | | | | | | | | | | | | | | |   (205)  false
| | | | | | | | | | | | | | | | | | 
| | | | | | | | | | | | | | | | | | CLOSE: (205) is inconsistent.
| | | | | | | | | | | | | | | | | | 
| | | | | | | | | | | | | | | | | End of split
| | | | | | | | | | | | | | | | | 
| | | | | | | | | | | | | | | | End of split
| | | | | | | | | | | | | | | | 
| | | | | | | | | | | | | | | End of split
| | | | | | | | | | | | | | | 
| | | | | | | | | | | | | | End of split
| | | | | | | | | | | | | | 
| | | | | | | | | | | | | End of split
| | | | | | | | | | | | | 
| | | | | | | | | | | | End of split
| | | | | | | | | | | | 
| | | | | | | | | | | Case 2:
| | | | | | | | | | | | 
| | | | | | | | | | | |   (206)  1 >= R1
| | | | | | | | | | | | 
| | | | | | | | | | | | COMBINE_INEQS: (160), (206) imply:
| | | | | | | | | | | |   (207)  false
| | | | | | | | | | | | 
| | | | | | | | | | | | CLOSE: (207) is inconsistent.
| | | | | | | | | | | | 
| | | | | | | | | | | End of split
| | | | | | | | | | | 
| | | | | | | | | | End of split
| | | | | | | | | | 
| | | | | | | | | End of split
| | | | | | | | | 
| | | | | | | | End of split
| | | | | | | | 
| | | | | | | End of split
| | | | | | | 
| | | | | | Case 2:
| | | | | | | 
| | | | | | |   (208)  R7 = 0
| | | | | | | 
| | | | | | | COMBINE_EQS: (50), (208) imply:
| | | | | | |   (209)  R66 = 0
| | | | | | | 
| | | | | | | SIMP: (209) implies:
| | | | | | |   (210)  R66 = 0
| | | | | | | 
| | | | | | | REDUCE: (51), (210) imply:
| | | | | | |   (211)  -1*all_10_26 >= all_10_27
| | | | | | | 
| | | | | | | ANTI_SYMM: (15), (211) imply:
| | | | | | |   (212)  all_10_26 + all_10_27 = 0
| | | | | | | 
| | | | | | | COMBINE_INEQS: (13), (211) imply:
| | | | | | |   (213)  0 >= all_10_26
| | | | | | | 
| | | | | | | ANTI_SYMM: (14), (213) imply:
| | | | | | |   (214)  all_10_26 = 0
| | | | | | | 
| | | | | | | COMBINE_EQS: (212), (214) imply:
| | | | | | |   (215)  all_10_27 = 0
| | | | | | | 
| | | | | | | SIMP: (215) implies:
| | | | | | |   (216)  all_10_27 = 0
| | | | | | | 
| | | | | | | REDUCE: (54), (210), (214), (216) imply:
| | | | | | |   (217)  TransitionMask_1241529534(all_10_0, 6, 3, 0)
| | | | | | | 
| | | | | | | REDUCE: (33), (216) imply:
| | | | | | |   (218)  TransitionMask_1241529534(all_10_0, 6, 2, 0)
| | | | | | | 
| | | | | | | REDUCE: (32), (214), (216) imply:
| | | | | | |   (219)  TransitionMask_1241529534(all_10_0, 6, 1, 0)
| | | | | | | 
| | | | | | | REDUCE: (79), (210) imply:
| | | | | | |   (220)  MonoidMap_1241529534(all_10_0, R1, R1 - 1, 1, R1, R1 - 1,
| | | | | | |            R1, 0, R64, 0, 0, 0, 0)
| | | | | | | 
| | | | | | | THEORY_AXIOM uuverifiers.parikh_theory.RegisterCounting@4a003cbe: 
| | | | | | |   (221)  \forall int v0, v1; (v0 = 0 | Connected_1241529534(v1, 6)
| | | | | | |            -> !TransitionMask_1241529534(v1, 6, 4, v0) |
| | | | | | |            !TransitionMask_1241529534(v1, 6, 1, 0))
| | | | | | | 
| | | | | | | GROUND_INST: instantiating (221) with all_10_18, all_10_0,
| | | | | | |              simplifying with (35), (37), (219) gives:
| | | | | | |   (222)  all_10_18 = 0
| | | | | | | 
| | | | | | | REDUCE: (35), (222) imply:
| | | | | | |   (223)  TransitionMask_1241529534(all_10_0, 6, 4, 0)
| | | | | | | 
| | | | | | | THEORY_AXIOM uuverifiers.parikh_theory.RegisterCounting@4a003cbe: 
| | | | | | |   (224)  \forall int v0, v1, v2, v3, v4; (v0 = 0 |
| | | | | | |            TransitionMask_1241529534(v4, 7, 2, v2) ->
| | | | | | |            !TransitionMask_1241529534(v4, 7, 1, v3) |
| | | | | | |            !TransitionMask_1241529534(v4, 7, 0, -1*v3 + -1*v2 +
| | | | | | |              v0) | !TransitionMask_1241529534(v4, 6, 4, 0) |
| | | | | | |            !TransitionMask_1241529534(v4, 6, 3, 0) |
| | | | | | |            !TransitionMask_1241529534(v4, 6, 2, 0) |
| | | | | | |            !TransitionMask_1241529534(v4, 6, 1, 0) |
| | | | | | |            !TransitionMask_1241529534(v4, 6, 0, 0) |
| | | | | | |            !MonoidMap_1241529534(v4, v0, v0 - 1, 1, v0, v0 - 1,
| | | | | | |              v0, 0, v1, 0, 0, 0, 0))
| | | | | | | 
| | | | | | | GROUND_INST: instantiating (224) with R1, R64, all_10_3, all_10_2,
| | | | | | |              all_10_0, simplifying with (39), (41), (43), (55),
| | | | | | |              (217), (218), (219), (220), (223) gives:
| | | | | | |   (225)  R1 = 0
| | | | | | | 
| | | | | | | REDUCE: (11), (225) imply:
| | | | | | |   (226)  false
| | | | | | | 
| | | | | | | CLOSE: (226) is inconsistent.
| | | | | | | 
| | | | | | End of split
| | | | | | 
| | | | | End of split
| | | | | 
| | | | End of split
| | | | 
| | | End of split
| | | 
| | Case 2:
| | | 
| | |   (227)  R6 = 0
| | |   (228)  (R62 != R1 | R61 - R1 = -1 | R1 < 1) & (R62 = R1 | R1 < 1)
| | | 
| | | ALPHA: (228) implies:
| | |   (229)  R62 != R1 | R61 - R1 = -1 | R1 < 1
| | | 
| | | COMBINE_EQS: (9), (227) imply:
| | |   (230)  R62 = R61
| | | 
| | | REDUCE: (20), (227) imply:
| | |   (231)  -1*all_10_22 >= all_10_23
| | | 
| | | ANTI_SYMM: (19), (231) imply:
| | |   (232)  all_10_22 + all_10_23 = 0
| | | 
| | | COMBINE_INEQS: (17), (231) imply:
| | |   (233)  0 >= all_10_22
| | | 
| | | ANTI_SYMM: (18), (233) imply:
| | |   (234)  all_10_22 = 0
| | | 
| | | COMBINE_EQS: (232), (234) imply:
| | |   (235)  all_10_23 = 0
| | | 
| | | SIMP: (235) implies:
| | |   (236)  all_10_23 = 0
| | | 
| | | REDUCE: (29), (227), (234), (236) imply:
| | |   (237)  TransitionMask_1241529534(all_10_0, 4, 3, 0)
| | | 
| | | REDUCE: (28), (236) imply:
| | |   (238)  TransitionMask_1241529534(all_10_0, 4, 2, 0)
| | | 
| | | REDUCE: (27), (234), (236) imply:
| | |   (239)  TransitionMask_1241529534(all_10_0, 4, 1, 0)
| | | 
| | | REDUCE: (56), (227) imply:
| | |   (240)  MonoidMap_1241529534(all_10_0, R1, R59, 0, R60, R61, R61, 0, R64,
| | |            0, R66, R66, 0)
| | | 
| | | THEORY_AXIOM uuverifiers.parikh_theory.RegisterCounting@4a003cbe: 
| | |   (241)  \forall int v0, v1; (v0 = 0 | Connected_1241529534(v1, 4) ->
| | |            !TransitionMask_1241529534(v1, 4, 4, v0) |
| | |            !TransitionMask_1241529534(v1, 4, 1, 0))
| | | 
| | | GROUND_INST: instantiating (241) with all_10_12, all_10_0, simplifying
| | |              with (30), (36), (239) gives:
| | |   (242)  all_10_12 = 0
| | | 
| | | REDUCE: (30), (242) imply:
| | |   (243)  TransitionMask_1241529534(all_10_0, 4, 4, 0)
| | | 
| | | THEORY_AXIOM uuverifiers.parikh_theory.RegisterCounting@4a003cbe: 
| | |   (244)  \forall int v0, v1, v2, v3, v4, v5, v6, v7, v8; (v3 = v0 |
| | |            TransitionMask_1241529534(v8, 7, 2, v6) ->
| | |            !TransitionMask_1241529534(v8, 7, 1, v7) |
| | |            !TransitionMask_1241529534(v8, 7, 0, -1*v7 + -1*v6 + v0) |
| | |            !TransitionMask_1241529534(v8, 4, 4, 0) |
| | |            !TransitionMask_1241529534(v8, 4, 3, 0) |
| | |            !TransitionMask_1241529534(v8, 4, 2, 0) |
| | |            !TransitionMask_1241529534(v8, 4, 1, 0) |
| | |            !TransitionMask_1241529534(v8, 4, 0, v3) |
| | |            !MonoidMap_1241529534(v8, v0, v1, 0, v2, v3, v3, 0, v4, 0, v5,
| | |              v5, 0))
| | | 
| | | GROUND_INST: instantiating (244) with R1, R59, R60, R61, R64, R66,
| | |              all_10_3, all_10_2, all_10_0, simplifying with (26), (39),
| | |              (41), (43), (237), (238), (239), (240), (243) gives:
| | |   (245)  R61 = R1
| | | 
| | | COMBINE_EQS: (230), (245) imply:
| | |   (246)  R62 = R1
| | | 
| | | BETA: splitting (229) gives:
| | | 
| | | Case 1:
| | | | 
| | | |   (247)  R62 != R1
| | | | 
| | | | REDUCE: (246), (247) imply:
| | | |   (248)  false
| | | | 
| | | | CLOSE: (248) is inconsistent.
| | | | 
| | | Case 2:
| | | | 
| | | |   (249)  R61 - R1 = -1 | R1 < 1
| | | | 
| | | | BETA: splitting (249) gives:
| | | | 
| | | | Case 1:
| | | | | 
| | | | |   (250)  0 >= R1
| | | | | 
| | | | | COMBINE_INEQS: (11), (250) imply:
| | | | |   (251)  false
| | | | | 
| | | | | CLOSE: (251) is inconsistent.
| | | | | 
| | | | Case 2:
| | | | | 
| | | | |   (252)  R61 - R1 = -1
| | | | | 
| | | | | COMBINE_EQS: (245), (252) imply:
| | | | |   (253)  false
| | | | | 
| | | | | CLOSE: (253) is inconsistent.
| | | | | 
| | | | End of split
| | | | 
| | | End of split
| | | 
| | End of split
| | 
| End of split
| 
End of proof

Sub-proof #1 shows that the following formulas are inconsistent:
----------------------------------------------------------------
  (1)  TransitionMask_1241529534(all_10_0, 6, 1, 0)
  (2)  Connected_1241529534(all_10_0, 6)
  (3)  TransitionMask_1241529534(all_10_0, 6, 3, 1)

Begin of proof
| 
| THEORY_AXIOM uuverifiers.parikh_theory.RegisterCounting@4a003cbe: 
|   (4)  \forall int v0; (Connected_1241529534(v0, 6) ->
|          !TransitionMask_1241529534(v0, 6, 3, 1) |
|          !TransitionMask_1241529534(v0, 6, 1, 0))
| 
| GROUND_INST: instantiating (4) with all_10_0 gives:
|   (5)  Connected_1241529534(all_10_0, 6) ->
|        !TransitionMask_1241529534(all_10_0, 6, 3, 1) |
|        !TransitionMask_1241529534(all_10_0, 6, 1, 0)
| 
| BETA: splitting (5) gives:
| 
| Case 1:
| | 
| |   (6)  !TransitionMask_1241529534(all_10_0, 6, 1, 0)
| | 
| | PRED_UNIFY: (1), (6) imply:
| |   (7)  false
| | 
| | CLOSE: (7) is inconsistent.
| | 
| Case 2:
| | 
| |   (8)  Connected_1241529534(all_10_0, 6) ->
| |        !TransitionMask_1241529534(all_10_0, 6, 3, 1)
| | 
| | BETA: splitting (8) gives:
| | 
| | Case 1:
| | | 
| | |   (9)  !Connected_1241529534(all_10_0, 6)
| | | 
| | | PRED_UNIFY: (2), (9) imply:
| | |   (10)  false
| | | 
| | | CLOSE: (10) is inconsistent.
| | | 
| | Case 2:
| | | 
| | |   (11)  !TransitionMask_1241529534(all_10_0, 6, 3, 1)
| | | 
| | | PRED_UNIFY: (3), (11) imply:
| | |   (12)  false
| | | 
| | | CLOSE: (12) is inconsistent.
| | | 
| | End of split
| | 
| End of split
| 
End of proof

==== regressions/parikh-plus/peterc-pyex-doc-cav17-td/experiments/8-600-1-7200/packages/httplib2/httplib2-entry-disposition/63450c88ff31fe2d3e89e012e8df4e82b7a725e5c7b94407c5d69af7.smt2/parikh-constraints-1.par: unsat run: 2.997877783s parse: 0.205262118s ====
